2015.10.28 17:12 B C:\Users\Robert\Copy\cloud\.directory --> xo2.x10hosting.com /public_html/cloud .directory
2015.10.28 17:12 B C:\Users\Robert\Copy\cloud\amendments.html --> xo2.x10hosting.com /public_html/cloud amendments.html
2015.10.28 17:12 B C:\Users\Robert\Copy\cloud\americans.html --> xo2.x10hosting.com /public_html/cloud americans.html
2015.10.28 17:12 B C:\Users\Robert\Copy\cloud\billofrights.html --> xo2.x10hosting.com /public_html/cloud billofrights.html
2015.10.28 17:12 B C:\Users\Robert\Copy\cloud\BingSiteAuth.xml --> xo2.x10hosting.com /public_html/cloud BingSiteAuth.xml
2015.10.28 17:12 B C:\Users\Robert\Copy\cloud\bobduncan.html --> xo2.x10hosting.com /public_html/cloud bobduncan.html
2015.10.28 17:12 B C:\Users\Robert\Copy\cloud\constitution.html --> xo2.x10hosting.com /public_html/cloud constitution.html
2015.10.28 17:12 B C:\Users\Robert\Copy\cloud\facebook.gif --> xo2.x10hosting.com /public_html/cloud facebook.gif
2015.10.28 17:12 B C:\Users\Robert\Copy\cloud\Fp.html --> xo2.x10hosting.com /public_html/cloud Fp.html
2015.10.28 17:12 B C:\Users\Robert\Copy\cloud\independence.html --> xo2.x10hosting.com /public_html/cloud independence.html
2015.10.28 17:12 B C:\Users\Robert\Copy\cloud\index.html --> xo2.x10hosting.com /public_html/cloud index.html
2015.10.28 17:12 B C:\Users\Robert\Copy\cloud\info.php --> xo2.x10hosting.com /public_html/cloud info.php
2015.10.28 17:12 B C:\Users\Robert\Copy\cloud\LiveSearchSiteAuth.xml --> xo2.x10hosting.com /public_html/cloud LiveSearchSiteAuth.xml
2015.10.28 17:12 B C:\Users\Robert\Copy\cloud\robots.txt --> xo2.x10hosting.com /public_html/cloud robots.txt
2015.10.28 17:12 B C:\Users\Robert\Copy\cloud\sales.html --> xo2.x10hosting.com /public_html/cloud sales.html
2015.10.28 17:12 B C:\Users\Robert\Copy\cloud\sheet.html --> xo2.x10hosting.com /public_html/cloud sheet.html
2015.10.28 17:12 B C:\Users\Robert\Copy\cloud\Sitemap.xml --> xo2.x10hosting.com /public_html/cloud Sitemap.xml
2015.10.28 17:12 B C:\Users\Robert\Copy\cloud\style.css --> xo2.x10hosting.com /public_html/cloud style.css
2015.10.28 17:12 B C:\Users\Robert\Copy\cloud\tune.html --> xo2.x10hosting.com /public_html/cloud tune.html
2015.10.28 17:12 B C:\Users\Robert\Copy\cloud\twitter.png --> xo2.x10hosting.com /public_html/cloud twitter.png
2015.10.28 17:12 B C:\Users\Robert\Copy\cloud\wordpress.png --> xo2.x10hosting.com /public_html/cloud wordpress.png
2015.11.03 08:44 B C:\Users\Robert\Copy\cloud\.directory --> ftp.pintwister.16mb.com /public_html .directory
2015.11.03 08:44 B C:\Users\Robert\Copy\cloud\amendments.html --> ftp.pintwister.16mb.com /public_html amendments.html
2015.11.03 08:44 B C:\Users\Robert\Copy\cloud\americans.html --> ftp.pintwister.16mb.com /public_html americans.html
2015.11.03 08:44 B C:\Users\Robert\Copy\cloud\billofrights.html --> ftp.pintwister.16mb.com /public_html billofrights.html
2015.11.03 08:44 B C:\Users\Robert\Copy\cloud\BingSiteAuth.xml --> ftp.pintwister.16mb.com /public_html BingSiteAuth.xml
2015.11.03 08:44 B C:\Users\Robert\Copy\cloud\bobduncan.html --> ftp.pintwister.16mb.com /public_html bobduncan.html
2015.11.03 08:44 B C:\Users\Robert\Copy\cloud\constitution.html --> ftp.pintwister.16mb.com /public_html constitution.html
2015.11.03 08:44 B C:\Users\Robert\Copy\cloud\facebook.gif --> ftp.pintwister.16mb.com /public_html facebook.gif
2015.11.03 08:44 B C:\Users\Robert\Copy\cloud\Fp.html --> ftp.pintwister.16mb.com /public_html Fp.html
2015.11.03 08:44 B C:\Users\Robert\Copy\cloud\independence.html --> ftp.pintwister.16mb.com /public_html independence.html
2015.11.03 08:44 B C:\Users\Robert\Copy\cloud\index.html --> ftp.pintwister.16mb.com /public_html index.html
2015.11.03 08:44 B C:\Users\Robert\Copy\cloud\info.php --> ftp.pintwister.16mb.com /public_html info.php
2015.11.03 08:44 B C:\Users\Robert\Copy\cloud\LiveSearchSiteAuth.xml --> ftp.pintwister.16mb.com /public_html LiveSearchSiteAuth.xml
2015.11.03 08:44 B C:\Users\Robert\Copy\cloud\robots.txt --> ftp.pintwister.16mb.com /public_html robots.txt
2015.11.03 08:44 B C:\Users\Robert\Copy\cloud\sales.html --> ftp.pintwister.16mb.com /public_html sales.html
2015.11.03 08:44 B C:\Users\Robert\Copy\cloud\sheet.html --> ftp.pintwister.16mb.com /public_html sheet.html
2015.11.03 08:44 B C:\Users\Robert\Copy\cloud\Sitemap.xml --> ftp.pintwister.16mb.com /public_html Sitemap.xml
2015.11.03 08:44 B C:\Users\Robert\Copy\cloud\style.css --> ftp.pintwister.16mb.com /public_html style.css
2015.11.03 08:44 B C:\Users\Robert\Copy\cloud\tune.html --> ftp.pintwister.16mb.com /public_html tune.html
2015.11.03 08:44 B C:\Users\Robert\Copy\cloud\twitter.png --> ftp.pintwister.16mb.com /public_html twitter.png
2015.11.03 08:44 B C:\Users\Robert\Copy\cloud\wordpress.png --> ftp.pintwister.16mb.com /public_html wordpress.png
