2015.10.28 17:12 B C:\Users\Robert\Copy\cloud\pictures\.directory --> xo2.x10hosting.com /public_html/cloud/pictures .directory
2015.10.28 17:12 B C:\Users\Robert\Copy\cloud\pictures\202000.jpg --> xo2.x10hosting.com /public_html/cloud/pictures 202000.jpg
2015.10.28 17:12 B C:\Users\Robert\Copy\cloud\pictures\202001-a.jpg --> xo2.x10hosting.com /public_html/cloud/pictures 202001-a.jpg
2015.10.28 17:12 B C:\Users\Robert\Copy\cloud\pictures\202001-b.jpg --> xo2.x10hosting.com /public_html/cloud/pictures 202001-b.jpg
2015.10.28 17:12 B C:\Users\Robert\Copy\cloud\pictures\202002.jpg --> xo2.x10hosting.com /public_html/cloud/pictures 202002.jpg
2015.10.28 17:12 B C:\Users\Robert\Copy\cloud\pictures\202003.jpg --> xo2.x10hosting.com /public_html/cloud/pictures 202003.jpg
2015.10.28 17:12 B C:\Users\Robert\Copy\cloud\pictures\202004.jpg --> xo2.x10hosting.com /public_html/cloud/pictures 202004.jpg
2015.10.28 17:12 B C:\Users\Robert\Copy\cloud\pictures\202005.jpg --> xo2.x10hosting.com /public_html/cloud/pictures 202005.jpg
2015.10.28 17:12 B C:\Users\Robert\Copy\cloud\pictures\202006.jpg --> xo2.x10hosting.com /public_html/cloud/pictures 202006.jpg
2015.10.28 17:12 B C:\Users\Robert\Copy\cloud\pictures\202007.jpg --> xo2.x10hosting.com /public_html/cloud/pictures 202007.jpg
2015.10.28 17:12 B C:\Users\Robert\Copy\cloud\pictures\202008.jpg --> xo2.x10hosting.com /public_html/cloud/pictures 202008.jpg
2015.10.28 17:12 B C:\Users\Robert\Copy\cloud\pictures\fork.png --> xo2.x10hosting.com /public_html/cloud/pictures fork.png
2015.10.28 17:12 B C:\Users\Robert\Copy\cloud\pictures\hammer.png --> xo2.x10hosting.com /public_html/cloud/pictures hammer.png
2015.11.03 08:42 B C:\Users\Robert\Copy\cloud\pictures\.directory --> ftp.pintwister.16mb.com /public_html/pictures .directory
2015.11.03 08:42 B C:\Users\Robert\Copy\cloud\pictures\202000.jpg --> ftp.pintwister.16mb.com /public_html/pictures 202000.jpg
2015.11.03 08:42 B C:\Users\Robert\Copy\cloud\pictures\202001-a.jpg --> ftp.pintwister.16mb.com /public_html/pictures 202001-a.jpg
2015.11.03 08:43 B C:\Users\Robert\Copy\cloud\pictures\202001-b.jpg --> ftp.pintwister.16mb.com /public_html/pictures 202001-b.jpg
2015.11.03 08:43 B C:\Users\Robert\Copy\cloud\pictures\202002.jpg --> ftp.pintwister.16mb.com /public_html/pictures 202002.jpg
2015.11.03 08:43 B C:\Users\Robert\Copy\cloud\pictures\202003.jpg --> ftp.pintwister.16mb.com /public_html/pictures 202003.jpg
2015.11.03 08:43 B C:\Users\Robert\Copy\cloud\pictures\202004.jpg --> ftp.pintwister.16mb.com /public_html/pictures 202004.jpg
2015.11.03 08:43 B C:\Users\Robert\Copy\cloud\pictures\202005.jpg --> ftp.pintwister.16mb.com /public_html/pictures 202005.jpg
2015.11.03 08:43 B C:\Users\Robert\Copy\cloud\pictures\202006.jpg --> ftp.pintwister.16mb.com /public_html/pictures 202006.jpg
2015.11.03 08:43 B C:\Users\Robert\Copy\cloud\pictures\202007.jpg --> ftp.pintwister.16mb.com /public_html/pictures 202007.jpg
2015.11.03 08:44 B C:\Users\Robert\Copy\cloud\pictures\202008.jpg --> ftp.pintwister.16mb.com /public_html/pictures 202008.jpg
2015.11.03 08:44 B C:\Users\Robert\Copy\cloud\pictures\fork.png --> ftp.pintwister.16mb.com /public_html/pictures fork.png
2015.11.03 08:44 B C:\Users\Robert\Copy\cloud\pictures\hammer.png --> ftp.pintwister.16mb.com /public_html/pictures hammer.png
2015.11.03 08:44 B C:\Users\Robert\Copy\cloud\pictures\WS_FTP.LOG --> ftp.pintwister.16mb.com /public_html/pictures WS_FTP.LOG
