2015.10.28 17:12 B C:\Users\Robert\Copy\cloud\pianos\img\.directory --> xo2.x10hosting.com /public_html/cloud/pianos/img .directory
2015.10.28 17:12 B C:\Users\Robert\Copy\cloud\pianos\img\cal.gif --> xo2.x10hosting.com /public_html/cloud/pianos/img cal.gif
2015.10.28 17:12 B C:\Users\Robert\Copy\cloud\pianos\img\next_mon.gif --> xo2.x10hosting.com /public_html/cloud/pianos/img next_mon.gif
2015.10.28 17:12 B C:\Users\Robert\Copy\cloud\pianos\img\next_year.gif --> xo2.x10hosting.com /public_html/cloud/pianos/img next_year.gif
2015.10.28 17:12 B C:\Users\Robert\Copy\cloud\pianos\img\no_cal.gif --> xo2.x10hosting.com /public_html/cloud/pianos/img no_cal.gif
2015.10.28 17:12 B C:\Users\Robert\Copy\cloud\pianos\img\pixel.gif --> xo2.x10hosting.com /public_html/cloud/pianos/img pixel.gif
2015.10.28 17:12 B C:\Users\Robert\Copy\cloud\pianos\img\prev_mon.gif --> xo2.x10hosting.com /public_html/cloud/pianos/img prev_mon.gif
2015.10.28 17:12 B C:\Users\Robert\Copy\cloud\pianos\img\prev_year.gif --> xo2.x10hosting.com /public_html/cloud/pianos/img prev_year.gif
2015.10.28 17:12 B C:\Users\Robert\Copy\cloud\pianos\img\shade_bl.png --> xo2.x10hosting.com /public_html/cloud/pianos/img shade_bl.png
2015.10.28 17:12 B C:\Users\Robert\Copy\cloud\pianos\img\shade_bm.png --> xo2.x10hosting.com /public_html/cloud/pianos/img shade_bm.png
2015.10.28 17:12 B C:\Users\Robert\Copy\cloud\pianos\img\shade_br.png --> xo2.x10hosting.com /public_html/cloud/pianos/img shade_br.png
2015.10.28 17:12 B C:\Users\Robert\Copy\cloud\pianos\img\shade_mr.png --> xo2.x10hosting.com /public_html/cloud/pianos/img shade_mr.png
2015.10.28 17:12 B C:\Users\Robert\Copy\cloud\pianos\img\shade_tr.png --> xo2.x10hosting.com /public_html/cloud/pianos/img shade_tr.png
2015.10.28 17:12 B C:\Users\Robert\Copy\cloud\pianos\img\Thumbs.db --> xo2.x10hosting.com /public_html/cloud/pianos/img Thumbs.db
2015.10.28 17:27 B C:\Users\Robert\Copy\cloud\pianos\img\.directory --> xo2.x10hosting.com /public_html/pianos/img .directory
2015.10.28 17:27 B C:\Users\Robert\Copy\cloud\pianos\img\cal.gif --> xo2.x10hosting.com /public_html/pianos/img cal.gif
2015.10.28 17:27 B C:\Users\Robert\Copy\cloud\pianos\img\next_mon.gif --> xo2.x10hosting.com /public_html/pianos/img next_mon.gif
2015.10.28 17:27 B C:\Users\Robert\Copy\cloud\pianos\img\next_year.gif --> xo2.x10hosting.com /public_html/pianos/img next_year.gif
2015.10.28 17:27 B C:\Users\Robert\Copy\cloud\pianos\img\no_cal.gif --> xo2.x10hosting.com /public_html/pianos/img no_cal.gif
2015.10.28 17:27 B C:\Users\Robert\Copy\cloud\pianos\img\pixel.gif --> xo2.x10hosting.com /public_html/pianos/img pixel.gif
2015.10.28 17:27 B C:\Users\Robert\Copy\cloud\pianos\img\prev_mon.gif --> xo2.x10hosting.com /public_html/pianos/img prev_mon.gif
2015.10.28 17:27 B C:\Users\Robert\Copy\cloud\pianos\img\prev_year.gif --> xo2.x10hosting.com /public_html/pianos/img prev_year.gif
2015.10.28 17:27 B C:\Users\Robert\Copy\cloud\pianos\img\shade_bl.png --> xo2.x10hosting.com /public_html/pianos/img shade_bl.png
2015.10.28 17:27 B C:\Users\Robert\Copy\cloud\pianos\img\shade_bm.png --> xo2.x10hosting.com /public_html/pianos/img shade_bm.png
2015.10.28 17:27 B C:\Users\Robert\Copy\cloud\pianos\img\shade_br.png --> xo2.x10hosting.com /public_html/pianos/img shade_br.png
2015.10.28 17:27 B C:\Users\Robert\Copy\cloud\pianos\img\shade_mr.png --> xo2.x10hosting.com /public_html/pianos/img shade_mr.png
2015.10.28 17:27 B C:\Users\Robert\Copy\cloud\pianos\img\shade_tr.png --> xo2.x10hosting.com /public_html/pianos/img shade_tr.png
2015.10.28 17:27 B C:\Users\Robert\Copy\cloud\pianos\img\Thumbs.db --> xo2.x10hosting.com /public_html/pianos/img Thumbs.db
2015.10.28 17:27 B C:\Users\Robert\Copy\cloud\pianos\img\WS_FTP.LOG --> xo2.x10hosting.com /public_html/pianos/img WS_FTP.LOG
2015.11.03 08:40 B C:\Users\Robert\Copy\cloud\pianos\img\.directory --> ftp.pintwister.16mb.com /public_html/pianos/img .directory
2015.11.03 08:40 B C:\Users\Robert\Copy\cloud\pianos\img\cal.gif --> ftp.pintwister.16mb.com /public_html/pianos/img cal.gif
2015.11.03 08:40 B C:\Users\Robert\Copy\cloud\pianos\img\next_mon.gif --> ftp.pintwister.16mb.com /public_html/pianos/img next_mon.gif
2015.11.03 08:40 B C:\Users\Robert\Copy\cloud\pianos\img\next_year.gif --> ftp.pintwister.16mb.com /public_html/pianos/img next_year.gif
2015.11.03 08:40 B C:\Users\Robert\Copy\cloud\pianos\img\no_cal.gif --> ftp.pintwister.16mb.com /public_html/pianos/img no_cal.gif
2015.11.03 08:40 B C:\Users\Robert\Copy\cloud\pianos\img\pixel.gif --> ftp.pintwister.16mb.com /public_html/pianos/img pixel.gif
2015.11.03 08:40 B C:\Users\Robert\Copy\cloud\pianos\img\prev_mon.gif --> ftp.pintwister.16mb.com /public_html/pianos/img prev_mon.gif
2015.11.03 08:40 B C:\Users\Robert\Copy\cloud\pianos\img\prev_year.gif --> ftp.pintwister.16mb.com /public_html/pianos/img prev_year.gif
2015.11.03 08:40 B C:\Users\Robert\Copy\cloud\pianos\img\shade_bl.png --> ftp.pintwister.16mb.com /public_html/pianos/img shade_bl.png
2015.11.03 08:40 B C:\Users\Robert\Copy\cloud\pianos\img\shade_bm.png --> ftp.pintwister.16mb.com /public_html/pianos/img shade_bm.png
2015.11.03 08:40 B C:\Users\Robert\Copy\cloud\pianos\img\shade_br.png --> ftp.pintwister.16mb.com /public_html/pianos/img shade_br.png
2015.11.03 08:40 B C:\Users\Robert\Copy\cloud\pianos\img\shade_mr.png --> ftp.pintwister.16mb.com /public_html/pianos/img shade_mr.png
2015.11.03 08:40 B C:\Users\Robert\Copy\cloud\pianos\img\shade_tr.png --> ftp.pintwister.16mb.com /public_html/pianos/img shade_tr.png
2015.11.03 08:40 B C:\Users\Robert\Copy\cloud\pianos\img\Thumbs.db --> ftp.pintwister.16mb.com /public_html/pianos/img Thumbs.db
2015.11.03 08:40 B C:\Users\Robert\Copy\cloud\pianos\img\WS_FTP.LOG --> ftp.pintwister.16mb.com /public_html/pianos/img WS_FTP.LOG
