2015.10.28 17:11 B C:\Users\Robert\Copy\cloud\pianos\fonts\Courier-Bold.afm --> xo2.x10hosting.com /public_html/cloud/pianos/fonts Courier-Bold.afm
2015.10.28 17:11 B C:\Users\Robert\Copy\cloud\pianos\fonts\Courier-BoldOblique.afm --> xo2.x10hosting.com /public_html/cloud/pianos/fonts Courier-BoldOblique.afm
2015.10.28 17:11 B C:\Users\Robert\Copy\cloud\pianos\fonts\Courier-Oblique.afm --> xo2.x10hosting.com /public_html/cloud/pianos/fonts Courier-Oblique.afm
2015.10.28 17:11 B C:\Users\Robert\Copy\cloud\pianos\fonts\Courier.afm --> xo2.x10hosting.com /public_html/cloud/pianos/fonts Courier.afm
2015.10.28 17:11 B C:\Users\Robert\Copy\cloud\pianos\fonts\Helvetica-Bold.afm --> xo2.x10hosting.com /public_html/cloud/pianos/fonts Helvetica-Bold.afm
2015.10.28 17:11 B C:\Users\Robert\Copy\cloud\pianos\fonts\Helvetica-BoldOblique.afm --> xo2.x10hosting.com /public_html/cloud/pianos/fonts Helvetica-BoldOblique.afm
2015.10.28 17:11 B C:\Users\Robert\Copy\cloud\pianos\fonts\Helvetica-Oblique.afm --> xo2.x10hosting.com /public_html/cloud/pianos/fonts Helvetica-Oblique.afm
2015.10.28 17:11 B C:\Users\Robert\Copy\cloud\pianos\fonts\Helvetica.afm --> xo2.x10hosting.com /public_html/cloud/pianos/fonts Helvetica.afm
2015.10.28 17:11 B C:\Users\Robert\Copy\cloud\pianos\fonts\php_a0100131.afm --> xo2.x10hosting.com /public_html/cloud/pianos/fonts php_a0100131.afm
2015.10.28 17:11 B C:\Users\Robert\Copy\cloud\pianos\fonts\php_a010013l.afm --> xo2.x10hosting.com /public_html/cloud/pianos/fonts php_a010013l.afm
2015.10.28 17:11 B C:\Users\Robert\Copy\cloud\pianos\fonts\php_Courier-Bold.afm --> xo2.x10hosting.com /public_html/cloud/pianos/fonts php_Courier-Bold.afm
2015.10.28 17:11 B C:\Users\Robert\Copy\cloud\pianos\fonts\php_Courier-BoldOblique.afm --> xo2.x10hosting.com /public_html/cloud/pianos/fonts php_Courier-BoldOblique.afm
2015.10.28 17:11 B C:\Users\Robert\Copy\cloud\pianos\fonts\php_Courier-Oblique.afm --> xo2.x10hosting.com /public_html/cloud/pianos/fonts php_Courier-Oblique.afm
2015.10.28 17:11 B C:\Users\Robert\Copy\cloud\pianos\fonts\php_Courier.afm --> xo2.x10hosting.com /public_html/cloud/pianos/fonts php_Courier.afm
2015.10.28 17:11 B C:\Users\Robert\Copy\cloud\pianos\fonts\php_Helvetica-Bold.afm --> xo2.x10hosting.com /public_html/cloud/pianos/fonts php_Helvetica-Bold.afm
2015.10.28 17:11 B C:\Users\Robert\Copy\cloud\pianos\fonts\php_Helvetica-BoldOblique.afm --> xo2.x10hosting.com /public_html/cloud/pianos/fonts php_Helvetica-BoldOblique.afm
2015.10.28 17:11 B C:\Users\Robert\Copy\cloud\pianos\fonts\php_Helvetica-Oblique.afm --> xo2.x10hosting.com /public_html/cloud/pianos/fonts php_Helvetica-Oblique.afm
2015.10.28 17:11 B C:\Users\Robert\Copy\cloud\pianos\fonts\php_Helvetica.afm --> xo2.x10hosting.com /public_html/cloud/pianos/fonts php_Helvetica.afm
2015.10.28 17:11 B C:\Users\Robert\Copy\cloud\pianos\fonts\php_Symbol.afm --> xo2.x10hosting.com /public_html/cloud/pianos/fonts php_Symbol.afm
2015.10.28 17:11 B C:\Users\Robert\Copy\cloud\pianos\fonts\php_Times-Bold.afm --> xo2.x10hosting.com /public_html/cloud/pianos/fonts php_Times-Bold.afm
2015.10.28 17:11 B C:\Users\Robert\Copy\cloud\pianos\fonts\php_Times-BoldItalic.afm --> xo2.x10hosting.com /public_html/cloud/pianos/fonts php_Times-BoldItalic.afm
2015.10.28 17:11 B C:\Users\Robert\Copy\cloud\pianos\fonts\php_Times-Italic.afm --> xo2.x10hosting.com /public_html/cloud/pianos/fonts php_Times-Italic.afm
2015.10.28 17:11 B C:\Users\Robert\Copy\cloud\pianos\fonts\php_Times-Roman.afm --> xo2.x10hosting.com /public_html/cloud/pianos/fonts php_Times-Roman.afm
2015.10.28 17:12 B C:\Users\Robert\Copy\cloud\pianos\fonts\php_ZapfDingbats.afm --> xo2.x10hosting.com /public_html/cloud/pianos/fonts php_ZapfDingbats.afm
2015.10.28 17:12 B C:\Users\Robert\Copy\cloud\pianos\fonts\Symbol.afm --> xo2.x10hosting.com /public_html/cloud/pianos/fonts Symbol.afm
2015.10.28 17:12 B C:\Users\Robert\Copy\cloud\pianos\fonts\Times-Bold.afm --> xo2.x10hosting.com /public_html/cloud/pianos/fonts Times-Bold.afm
2015.10.28 17:12 B C:\Users\Robert\Copy\cloud\pianos\fonts\Times-BoldItalic.afm --> xo2.x10hosting.com /public_html/cloud/pianos/fonts Times-BoldItalic.afm
2015.10.28 17:12 B C:\Users\Robert\Copy\cloud\pianos\fonts\Times-Italic.afm --> xo2.x10hosting.com /public_html/cloud/pianos/fonts Times-Italic.afm
2015.10.28 17:12 B C:\Users\Robert\Copy\cloud\pianos\fonts\Times-Roman.afm --> xo2.x10hosting.com /public_html/cloud/pianos/fonts Times-Roman.afm
2015.10.28 17:12 B C:\Users\Robert\Copy\cloud\pianos\fonts\ZapfDingbats.afm --> xo2.x10hosting.com /public_html/cloud/pianos/fonts ZapfDingbats.afm
2015.10.28 17:27 B C:\Users\Robert\Copy\cloud\pianos\fonts\Courier-Bold.afm --> xo2.x10hosting.com /public_html/pianos/fonts Courier-Bold.afm
2015.10.28 17:27 B C:\Users\Robert\Copy\cloud\pianos\fonts\Courier-BoldOblique.afm --> xo2.x10hosting.com /public_html/pianos/fonts Courier-BoldOblique.afm
2015.10.28 17:27 B C:\Users\Robert\Copy\cloud\pianos\fonts\Courier-Oblique.afm --> xo2.x10hosting.com /public_html/pianos/fonts Courier-Oblique.afm
2015.10.28 17:27 B C:\Users\Robert\Copy\cloud\pianos\fonts\Courier.afm --> xo2.x10hosting.com /public_html/pianos/fonts Courier.afm
2015.10.28 17:27 B C:\Users\Robert\Copy\cloud\pianos\fonts\Helvetica-Bold.afm --> xo2.x10hosting.com /public_html/pianos/fonts Helvetica-Bold.afm
2015.10.28 17:27 B C:\Users\Robert\Copy\cloud\pianos\fonts\Helvetica-BoldOblique.afm --> xo2.x10hosting.com /public_html/pianos/fonts Helvetica-BoldOblique.afm
2015.10.28 17:27 B C:\Users\Robert\Copy\cloud\pianos\fonts\Helvetica-Oblique.afm --> xo2.x10hosting.com /public_html/pianos/fonts Helvetica-Oblique.afm
2015.10.28 17:27 B C:\Users\Robert\Copy\cloud\pianos\fonts\Helvetica.afm --> xo2.x10hosting.com /public_html/pianos/fonts Helvetica.afm
2015.10.28 17:27 B C:\Users\Robert\Copy\cloud\pianos\fonts\php_a0100131.afm --> xo2.x10hosting.com /public_html/pianos/fonts php_a0100131.afm
2015.10.28 17:27 B C:\Users\Robert\Copy\cloud\pianos\fonts\php_a010013l.afm --> xo2.x10hosting.com /public_html/pianos/fonts php_a010013l.afm
2015.10.28 17:27 B C:\Users\Robert\Copy\cloud\pianos\fonts\php_Courier-Bold.afm --> xo2.x10hosting.com /public_html/pianos/fonts php_Courier-Bold.afm
2015.10.28 17:27 B C:\Users\Robert\Copy\cloud\pianos\fonts\php_Courier-BoldOblique.afm --> xo2.x10hosting.com /public_html/pianos/fonts php_Courier-BoldOblique.afm
2015.10.28 17:27 B C:\Users\Robert\Copy\cloud\pianos\fonts\php_Courier-Oblique.afm --> xo2.x10hosting.com /public_html/pianos/fonts php_Courier-Oblique.afm
2015.10.28 17:27 B C:\Users\Robert\Copy\cloud\pianos\fonts\php_Courier.afm --> xo2.x10hosting.com /public_html/pianos/fonts php_Courier.afm
2015.10.28 17:27 B C:\Users\Robert\Copy\cloud\pianos\fonts\php_Helvetica-Bold.afm --> xo2.x10hosting.com /public_html/pianos/fonts php_Helvetica-Bold.afm
2015.10.28 17:27 B C:\Users\Robert\Copy\cloud\pianos\fonts\php_Helvetica-BoldOblique.afm --> xo2.x10hosting.com /public_html/pianos/fonts php_Helvetica-BoldOblique.afm
2015.10.28 17:27 B C:\Users\Robert\Copy\cloud\pianos\fonts\php_Helvetica-Oblique.afm --> xo2.x10hosting.com /public_html/pianos/fonts php_Helvetica-Oblique.afm
2015.10.28 17:27 B C:\Users\Robert\Copy\cloud\pianos\fonts\php_Helvetica.afm --> xo2.x10hosting.com /public_html/pianos/fonts php_Helvetica.afm
2015.10.28 17:27 B C:\Users\Robert\Copy\cloud\pianos\fonts\php_Symbol.afm --> xo2.x10hosting.com /public_html/pianos/fonts php_Symbol.afm
2015.10.28 17:27 B C:\Users\Robert\Copy\cloud\pianos\fonts\php_Times-Bold.afm --> xo2.x10hosting.com /public_html/pianos/fonts php_Times-Bold.afm
2015.10.28 17:27 B C:\Users\Robert\Copy\cloud\pianos\fonts\php_Times-BoldItalic.afm --> xo2.x10hosting.com /public_html/pianos/fonts php_Times-BoldItalic.afm
2015.10.28 17:27 B C:\Users\Robert\Copy\cloud\pianos\fonts\php_Times-Italic.afm --> xo2.x10hosting.com /public_html/pianos/fonts php_Times-Italic.afm
2015.10.28 17:27 B C:\Users\Robert\Copy\cloud\pianos\fonts\php_Times-Roman.afm --> xo2.x10hosting.com /public_html/pianos/fonts php_Times-Roman.afm
2015.10.28 17:27 B C:\Users\Robert\Copy\cloud\pianos\fonts\php_ZapfDingbats.afm --> xo2.x10hosting.com /public_html/pianos/fonts php_ZapfDingbats.afm
2015.10.28 17:27 B C:\Users\Robert\Copy\cloud\pianos\fonts\Symbol.afm --> xo2.x10hosting.com /public_html/pianos/fonts Symbol.afm
2015.10.28 17:27 B C:\Users\Robert\Copy\cloud\pianos\fonts\Times-Bold.afm --> xo2.x10hosting.com /public_html/pianos/fonts Times-Bold.afm
2015.10.28 17:27 B C:\Users\Robert\Copy\cloud\pianos\fonts\Times-BoldItalic.afm --> xo2.x10hosting.com /public_html/pianos/fonts Times-BoldItalic.afm
2015.10.28 17:27 B C:\Users\Robert\Copy\cloud\pianos\fonts\Times-Italic.afm --> xo2.x10hosting.com /public_html/pianos/fonts Times-Italic.afm
2015.10.28 17:27 B C:\Users\Robert\Copy\cloud\pianos\fonts\Times-Roman.afm --> xo2.x10hosting.com /public_html/pianos/fonts Times-Roman.afm
2015.10.28 17:27 B C:\Users\Robert\Copy\cloud\pianos\fonts\WS_FTP.LOG --> xo2.x10hosting.com /public_html/pianos/fonts WS_FTP.LOG
2015.10.28 17:27 B C:\Users\Robert\Copy\cloud\pianos\fonts\ZapfDingbats.afm --> xo2.x10hosting.com /public_html/pianos/fonts ZapfDingbats.afm
2015.11.03 08:39 B C:\Users\Robert\Copy\cloud\pianos\fonts\Courier-Bold.afm --> ftp.pintwister.16mb.com /public_html/pianos/fonts Courier-Bold.afm
2015.11.03 08:39 B C:\Users\Robert\Copy\cloud\pianos\fonts\Courier-BoldOblique.afm --> ftp.pintwister.16mb.com /public_html/pianos/fonts Courier-BoldOblique.afm
2015.11.03 08:39 B C:\Users\Robert\Copy\cloud\pianos\fonts\Courier-Oblique.afm --> ftp.pintwister.16mb.com /public_html/pianos/fonts Courier-Oblique.afm
2015.11.03 08:39 B C:\Users\Robert\Copy\cloud\pianos\fonts\Courier.afm --> ftp.pintwister.16mb.com /public_html/pianos/fonts Courier.afm
2015.11.03 08:39 B C:\Users\Robert\Copy\cloud\pianos\fonts\Helvetica-Bold.afm --> ftp.pintwister.16mb.com /public_html/pianos/fonts Helvetica-Bold.afm
2015.11.03 08:39 B C:\Users\Robert\Copy\cloud\pianos\fonts\Helvetica-BoldOblique.afm --> ftp.pintwister.16mb.com /public_html/pianos/fonts Helvetica-BoldOblique.afm
2015.11.03 08:39 B C:\Users\Robert\Copy\cloud\pianos\fonts\Helvetica-Oblique.afm --> ftp.pintwister.16mb.com /public_html/pianos/fonts Helvetica-Oblique.afm
2015.11.03 08:39 B C:\Users\Robert\Copy\cloud\pianos\fonts\Helvetica.afm --> ftp.pintwister.16mb.com /public_html/pianos/fonts Helvetica.afm
2015.11.03 08:39 B C:\Users\Robert\Copy\cloud\pianos\fonts\php_a0100131.afm --> ftp.pintwister.16mb.com /public_html/pianos/fonts php_a0100131.afm
2015.11.03 08:39 B C:\Users\Robert\Copy\cloud\pianos\fonts\php_a010013l.afm --> ftp.pintwister.16mb.com /public_html/pianos/fonts php_a010013l.afm
2015.11.03 08:39 B C:\Users\Robert\Copy\cloud\pianos\fonts\php_Courier-Bold.afm --> ftp.pintwister.16mb.com /public_html/pianos/fonts php_Courier-Bold.afm
2015.11.03 08:39 B C:\Users\Robert\Copy\cloud\pianos\fonts\php_Courier-BoldOblique.afm --> ftp.pintwister.16mb.com /public_html/pianos/fonts php_Courier-BoldOblique.afm
2015.11.03 08:39 B C:\Users\Robert\Copy\cloud\pianos\fonts\php_Courier-Oblique.afm --> ftp.pintwister.16mb.com /public_html/pianos/fonts php_Courier-Oblique.afm
2015.11.03 08:39 B C:\Users\Robert\Copy\cloud\pianos\fonts\php_Courier.afm --> ftp.pintwister.16mb.com /public_html/pianos/fonts php_Courier.afm
2015.11.03 08:39 B C:\Users\Robert\Copy\cloud\pianos\fonts\php_Helvetica-Bold.afm --> ftp.pintwister.16mb.com /public_html/pianos/fonts php_Helvetica-Bold.afm
2015.11.03 08:39 B C:\Users\Robert\Copy\cloud\pianos\fonts\php_Helvetica-BoldOblique.afm --> ftp.pintwister.16mb.com /public_html/pianos/fonts php_Helvetica-BoldOblique.afm
2015.11.03 08:39 B C:\Users\Robert\Copy\cloud\pianos\fonts\php_Helvetica-Oblique.afm --> ftp.pintwister.16mb.com /public_html/pianos/fonts php_Helvetica-Oblique.afm
2015.11.03 08:39 B C:\Users\Robert\Copy\cloud\pianos\fonts\php_Helvetica.afm --> ftp.pintwister.16mb.com /public_html/pianos/fonts php_Helvetica.afm
2015.11.03 08:39 B C:\Users\Robert\Copy\cloud\pianos\fonts\php_Symbol.afm --> ftp.pintwister.16mb.com /public_html/pianos/fonts php_Symbol.afm
2015.11.03 08:39 B C:\Users\Robert\Copy\cloud\pianos\fonts\php_Times-Bold.afm --> ftp.pintwister.16mb.com /public_html/pianos/fonts php_Times-Bold.afm
2015.11.03 08:39 B C:\Users\Robert\Copy\cloud\pianos\fonts\php_Times-BoldItalic.afm --> ftp.pintwister.16mb.com /public_html/pianos/fonts php_Times-BoldItalic.afm
2015.11.03 08:39 B C:\Users\Robert\Copy\cloud\pianos\fonts\php_Times-Italic.afm --> ftp.pintwister.16mb.com /public_html/pianos/fonts php_Times-Italic.afm
2015.11.03 08:39 B C:\Users\Robert\Copy\cloud\pianos\fonts\php_Times-Roman.afm --> ftp.pintwister.16mb.com /public_html/pianos/fonts php_Times-Roman.afm
2015.11.03 08:40 B C:\Users\Robert\Copy\cloud\pianos\fonts\php_ZapfDingbats.afm --> ftp.pintwister.16mb.com /public_html/pianos/fonts php_ZapfDingbats.afm
2015.11.03 08:40 B C:\Users\Robert\Copy\cloud\pianos\fonts\Symbol.afm --> ftp.pintwister.16mb.com /public_html/pianos/fonts Symbol.afm
2015.11.03 08:40 B C:\Users\Robert\Copy\cloud\pianos\fonts\Times-Bold.afm --> ftp.pintwister.16mb.com /public_html/pianos/fonts Times-Bold.afm
2015.11.03 08:40 B C:\Users\Robert\Copy\cloud\pianos\fonts\Times-BoldItalic.afm --> ftp.pintwister.16mb.com /public_html/pianos/fonts Times-BoldItalic.afm
2015.11.03 08:40 B C:\Users\Robert\Copy\cloud\pianos\fonts\Times-Italic.afm --> ftp.pintwister.16mb.com /public_html/pianos/fonts Times-Italic.afm
2015.11.03 08:40 B C:\Users\Robert\Copy\cloud\pianos\fonts\Times-Roman.afm --> ftp.pintwister.16mb.com /public_html/pianos/fonts Times-Roman.afm
2015.11.03 08:40 B C:\Users\Robert\Copy\cloud\pianos\fonts\WS_FTP.LOG --> ftp.pintwister.16mb.com /public_html/pianos/fonts WS_FTP.LOG
2015.11.03 08:40 B C:\Users\Robert\Copy\cloud\pianos\fonts\ZapfDingbats.afm --> ftp.pintwister.16mb.com /public_html/pianos/fonts ZapfDingbats.afm
