2010.10.21 16:17 B c:\websites\pintwister\BusinessCards\2009-01 (Jan)\P1050001.JPG --> ftp.pintwister.web44.net /public_html/tuner/BusinessCards/2009-01 (Jan) P1050001.JPG
2010.10.21 16:17 B c:\websites\pintwister\BusinessCards\2009-01 (Jan)\P1050002.JPG --> ftp.pintwister.web44.net /public_html/tuner/BusinessCards/2009-01 (Jan) P1050002.JPG
2010.10.21 16:17 B c:\websites\pintwister\BusinessCards\2009-01 (Jan)\P1050003.JPG --> ftp.pintwister.web44.net /public_html/tuner/BusinessCards/2009-01 (Jan) P1050003.JPG
2010.10.21 16:17 B c:\websites\pintwister\BusinessCards\2009-01 (Jan)\P1050004.JPG --> ftp.pintwister.web44.net /public_html/tuner/BusinessCards/2009-01 (Jan) P1050004.JPG
2010.10.21 16:18 B c:\websites\pintwister\BusinessCards\2009-01 (Jan)\P1050005.JPG --> ftp.pintwister.web44.net /public_html/tuner/BusinessCards/2009-01 (Jan) P1050005.JPG
2010.10.21 16:18 B c:\websites\pintwister\BusinessCards\2009-01 (Jan)\P1050006.JPG --> ftp.pintwister.web44.net /public_html/tuner/BusinessCards/2009-01 (Jan) P1050006.JPG
2010.10.21 16:18 B c:\websites\pintwister\BusinessCards\2009-01 (Jan)\P1050007.JPG --> ftp.pintwister.web44.net /public_html/tuner/BusinessCards/2009-01 (Jan) P1050007.JPG
2011.10.13 20:35 B c:\websites\pintwister\BusinessCards\2009-01 (Jan)\P1050001.JPG --> ftp.pintwister.web44.net /public_html/BusinessCards/2009-01 (Jan) P1050001.JPG
2011.10.13 20:35 B c:\websites\pintwister\BusinessCards\2009-01 (Jan)\P1050002.JPG --> ftp.pintwister.web44.net /public_html/BusinessCards/2009-01 (Jan) P1050002.JPG
2011.10.13 20:35 B c:\websites\pintwister\BusinessCards\2009-01 (Jan)\P1050003.JPG --> ftp.pintwister.web44.net /public_html/BusinessCards/2009-01 (Jan) P1050003.JPG
2011.10.13 20:35 B c:\websites\pintwister\BusinessCards\2009-01 (Jan)\P1050004.JPG --> ftp.pintwister.web44.net /public_html/BusinessCards/2009-01 (Jan) P1050004.JPG
2011.10.13 20:35 B c:\websites\pintwister\BusinessCards\2009-01 (Jan)\P1050005.JPG --> ftp.pintwister.web44.net /public_html/BusinessCards/2009-01 (Jan) P1050005.JPG
2011.10.13 20:35 B c:\websites\pintwister\BusinessCards\2009-01 (Jan)\P1050006.JPG --> ftp.pintwister.web44.net /public_html/BusinessCards/2009-01 (Jan) P1050006.JPG
2011.10.13 20:35 B c:\websites\pintwister\BusinessCards\2009-01 (Jan)\P1050007.JPG --> ftp.pintwister.web44.net /public_html/BusinessCards/2009-01 (Jan) P1050007.JPG
2011.10.13 20:35 B c:\websites\pintwister\BusinessCards\2009-01 (Jan)\WS_FTP.LOG --> ftp.pintwister.web44.net /public_html/BusinessCards/2009-01 (Jan) WS_FTP.LOG
2015.10.28 17:10 B C:\Users\Robert\Copy\cloud\BusinessCards\2009-01 (Jan)\.directory --> xo2.x10hosting.com /public_html/cloud/BusinessCards/2009-01 (Jan) .directory
2015.10.28 17:11 B C:\Users\Robert\Copy\cloud\BusinessCards\2009-01 (Jan)\P1050001.JPG --> xo2.x10hosting.com /public_html/cloud/BusinessCards/2009-01 (Jan) P1050001.JPG
2015.10.28 17:11 B C:\Users\Robert\Copy\cloud\BusinessCards\2009-01 (Jan)\P1050002.JPG --> xo2.x10hosting.com /public_html/cloud/BusinessCards/2009-01 (Jan) P1050002.JPG
2015.10.28 17:11 B C:\Users\Robert\Copy\cloud\BusinessCards\2009-01 (Jan)\P1050003.JPG --> xo2.x10hosting.com /public_html/cloud/BusinessCards/2009-01 (Jan) P1050003.JPG
2015.10.28 17:11 B C:\Users\Robert\Copy\cloud\BusinessCards\2009-01 (Jan)\P1050004.JPG --> xo2.x10hosting.com /public_html/cloud/BusinessCards/2009-01 (Jan) P1050004.JPG
2015.10.28 17:11 B C:\Users\Robert\Copy\cloud\BusinessCards\2009-01 (Jan)\P1050005.JPG --> xo2.x10hosting.com /public_html/cloud/BusinessCards/2009-01 (Jan) P1050005.JPG
2015.10.28 17:11 B C:\Users\Robert\Copy\cloud\BusinessCards\2009-01 (Jan)\P1050006.JPG --> xo2.x10hosting.com /public_html/cloud/BusinessCards/2009-01 (Jan) P1050006.JPG
2015.10.28 17:11 B C:\Users\Robert\Copy\cloud\BusinessCards\2009-01 (Jan)\P1050007.JPG --> xo2.x10hosting.com /public_html/cloud/BusinessCards/2009-01 (Jan) P1050007.JPG
2015.10.28 17:11 B C:\Users\Robert\Copy\cloud\BusinessCards\2009-01 (Jan)\WS_FTP.LOG --> xo2.x10hosting.com /public_html/cloud/BusinessCards/2009-01 (Jan) WS_FTP.LOG
2015.11.03 08:34 B C:\Users\Robert\Copy\cloud\BusinessCards\2009-01 (Jan)\.directory --> ftp.pintwister.16mb.com /public_html/BusinessCards/2009-01 (Jan) .directory
2015.11.03 08:34 B C:\Users\Robert\Copy\cloud\BusinessCards\2009-01 (Jan)\P1050001.JPG --> ftp.pintwister.16mb.com /public_html/BusinessCards/2009-01 (Jan) P1050001.JPG
2015.11.03 08:34 B C:\Users\Robert\Copy\cloud\BusinessCards\2009-01 (Jan)\P1050002.JPG --> ftp.pintwister.16mb.com /public_html/BusinessCards/2009-01 (Jan) P1050002.JPG
2015.11.03 08:34 B C:\Users\Robert\Copy\cloud\BusinessCards\2009-01 (Jan)\P1050003.JPG --> ftp.pintwister.16mb.com /public_html/BusinessCards/2009-01 (Jan) P1050003.JPG
2015.11.03 08:34 B C:\Users\Robert\Copy\cloud\BusinessCards\2009-01 (Jan)\P1050004.JPG --> ftp.pintwister.16mb.com /public_html/BusinessCards/2009-01 (Jan) P1050004.JPG
2015.11.03 08:34 B C:\Users\Robert\Copy\cloud\BusinessCards\2009-01 (Jan)\P1050005.JPG --> ftp.pintwister.16mb.com /public_html/BusinessCards/2009-01 (Jan) P1050005.JPG
2015.11.03 08:35 B C:\Users\Robert\Copy\cloud\BusinessCards\2009-01 (Jan)\P1050006.JPG --> ftp.pintwister.16mb.com /public_html/BusinessCards/2009-01 (Jan) P1050006.JPG
2015.11.03 08:35 B C:\Users\Robert\Copy\cloud\BusinessCards\2009-01 (Jan)\P1050007.JPG --> ftp.pintwister.16mb.com /public_html/BusinessCards/2009-01 (Jan) P1050007.JPG
2015.11.03 08:35 B C:\Users\Robert\Copy\cloud\BusinessCards\2009-01 (Jan)\WS_FTP.LOG --> ftp.pintwister.16mb.com /public_html/BusinessCards/2009-01 (Jan) WS_FTP.LOG
