2015.10.28 17:11 B C:\Users\Robert\Copy\cloud\Images\.directory --> xo2.x10hosting.com /public_html/cloud/Images .directory
2015.10.28 17:11 B C:\Users\Robert\Copy\cloud\Images\bob.jpg --> xo2.x10hosting.com /public_html/cloud/Images bob.jpg
2015.10.28 17:11 B C:\Users\Robert\Copy\cloud\Images\bob2.jpg --> xo2.x10hosting.com /public_html/cloud/Images bob2.jpg
2015.10.28 17:11 B C:\Users\Robert\Copy\cloud\Images\bob2.png --> xo2.x10hosting.com /public_html/cloud/Images bob2.png
2015.10.28 17:11 B C:\Users\Robert\Copy\cloud\Images\bob5.jpg --> xo2.x10hosting.com /public_html/cloud/Images bob5.jpg
2015.10.28 17:11 B C:\Users\Robert\Copy\cloud\Images\bob6.jpg --> xo2.x10hosting.com /public_html/cloud/Images bob6.jpg
2015.10.28 17:11 B C:\Users\Robert\Copy\cloud\Images\bob7.jpg --> xo2.x10hosting.com /public_html/cloud/Images bob7.jpg
2015.10.28 17:11 B C:\Users\Robert\Copy\cloud\Images\BobSmall.jpg --> xo2.x10hosting.com /public_html/cloud/Images BobSmall.jpg
2015.10.28 17:11 B C:\Users\Robert\Copy\cloud\Images\GRAND.GIF --> xo2.x10hosting.com /public_html/cloud/Images GRAND.GIF
2015.10.28 17:11 B C:\Users\Robert\Copy\cloud\Images\IMG_3899.JPG --> xo2.x10hosting.com /public_html/cloud/Images IMG_3899.JPG
2015.10.28 17:11 B C:\Users\Robert\Copy\cloud\Images\teaFlag.jpg --> xo2.x10hosting.com /public_html/cloud/Images teaFlag.jpg
2015.10.28 17:11 B C:\Users\Robert\Copy\cloud\Images\VERT.GIF --> xo2.x10hosting.com /public_html/cloud/Images VERT.GIF
2015.10.28 17:11 B C:\Users\Robert\Copy\cloud\Images\yamahagrand.jpg --> xo2.x10hosting.com /public_html/cloud/Images yamahagrand.jpg
2015.11.03 08:37 B C:\Users\Robert\Copy\cloud\Images\.directory --> ftp.pintwister.16mb.com /public_html/Images .directory
2015.11.03 08:37 B C:\Users\Robert\Copy\cloud\Images\bob.jpg --> ftp.pintwister.16mb.com /public_html/Images bob.jpg
2015.11.03 08:37 B C:\Users\Robert\Copy\cloud\Images\bob2.jpg --> ftp.pintwister.16mb.com /public_html/Images bob2.jpg
2015.11.03 08:37 B C:\Users\Robert\Copy\cloud\Images\bob2.png --> ftp.pintwister.16mb.com /public_html/Images bob2.png
2015.11.03 08:37 B C:\Users\Robert\Copy\cloud\Images\bob5.jpg --> ftp.pintwister.16mb.com /public_html/Images bob5.jpg
2015.11.03 08:37 B C:\Users\Robert\Copy\cloud\Images\bob6.jpg --> ftp.pintwister.16mb.com /public_html/Images bob6.jpg
2015.11.03 08:37 B C:\Users\Robert\Copy\cloud\Images\bob7.jpg --> ftp.pintwister.16mb.com /public_html/Images bob7.jpg
2015.11.03 08:37 B C:\Users\Robert\Copy\cloud\Images\BobSmall.jpg --> ftp.pintwister.16mb.com /public_html/Images BobSmall.jpg
2015.11.03 08:37 B C:\Users\Robert\Copy\cloud\Images\GRAND.GIF --> ftp.pintwister.16mb.com /public_html/Images GRAND.GIF
2015.11.03 08:37 B C:\Users\Robert\Copy\cloud\Images\IMG_3899.JPG --> ftp.pintwister.16mb.com /public_html/Images IMG_3899.JPG
2015.11.03 08:37 B C:\Users\Robert\Copy\cloud\Images\teaFlag.jpg --> ftp.pintwister.16mb.com /public_html/Images teaFlag.jpg
2015.11.03 08:37 B C:\Users\Robert\Copy\cloud\Images\VERT.GIF --> ftp.pintwister.16mb.com /public_html/Images VERT.GIF
2015.11.03 08:37 B C:\Users\Robert\Copy\cloud\Images\WS_FTP.LOG --> ftp.pintwister.16mb.com /public_html/Images WS_FTP.LOG
2015.11.03 08:37 B C:\Users\Robert\Copy\cloud\Images\yamahagrand.jpg --> ftp.pintwister.16mb.com /public_html/Images yamahagrand.jpg
