2015.10.28 17:12 B C:\Users\Robert\Copy\cloud\pianos\style\.directory --> xo2.x10hosting.com /public_html/cloud/pianos/style .directory
2015.10.28 17:12 B C:\Users\Robert\Copy\cloud\pianos\style\styleAddCharge.css --> xo2.x10hosting.com /public_html/cloud/pianos/style styleAddCharge.css
2015.10.28 17:12 B C:\Users\Robert\Copy\cloud\pianos\style\styleAddMile.css --> xo2.x10hosting.com /public_html/cloud/pianos/style styleAddMile.css
2015.10.28 17:12 B C:\Users\Robert\Copy\cloud\pianos\style\styleAddname.css --> xo2.x10hosting.com /public_html/cloud/pianos/style styleAddname.css
2015.10.28 17:12 B C:\Users\Robert\Copy\cloud\pianos\style\styleAddService.css --> xo2.x10hosting.com /public_html/cloud/pianos/style styleAddService.css
2015.10.28 17:12 B C:\Users\Robert\Copy\cloud\pianos\style\styleAdduser.css --> xo2.x10hosting.com /public_html/cloud/pianos/style styleAdduser.css
2015.10.28 17:12 B C:\Users\Robert\Copy\cloud\pianos\style\styleAdmin.css --> xo2.x10hosting.com /public_html/cloud/pianos/style styleAdmin.css
2015.10.28 17:12 B C:\Users\Robert\Copy\cloud\pianos\style\styleAll.css --> xo2.x10hosting.com /public_html/cloud/pianos/style styleAll.css
2015.10.28 17:12 B C:\Users\Robert\Copy\cloud\pianos\style\styleAppt.css --> xo2.x10hosting.com /public_html/cloud/pianos/style styleAppt.css
2015.10.28 17:12 B C:\Users\Robert\Copy\cloud\pianos\style\styleApptView.css --> xo2.x10hosting.com /public_html/cloud/pianos/style styleApptView.css
2015.10.28 17:12 B C:\Users\Robert\Copy\cloud\pianos\style\styleEditmile.css --> xo2.x10hosting.com /public_html/cloud/pianos/style styleEditmile.css
2015.10.28 17:12 B C:\Users\Robert\Copy\cloud\pianos\style\styleEditname.css --> xo2.x10hosting.com /public_html/cloud/pianos/style styleEditname.css
2015.10.28 17:12 B C:\Users\Robert\Copy\cloud\pianos\style\styleEditService.css --> xo2.x10hosting.com /public_html/cloud/pianos/style styleEditService.css
2015.10.28 17:12 B C:\Users\Robert\Copy\cloud\pianos\style\styleEdituser.css --> xo2.x10hosting.com /public_html/cloud/pianos/style styleEdituser.css
2015.10.28 17:12 B C:\Users\Robert\Copy\cloud\pianos\style\styleIndex.css --> xo2.x10hosting.com /public_html/cloud/pianos/style styleIndex.css
2015.10.28 17:12 B C:\Users\Robert\Copy\cloud\pianos\style\styleListcharge.css --> xo2.x10hosting.com /public_html/cloud/pianos/style styleListcharge.css
2015.10.28 17:12 B C:\Users\Robert\Copy\cloud\pianos\style\styleListMile.css --> xo2.x10hosting.com /public_html/cloud/pianos/style styleListMile.css
2015.10.28 17:12 B C:\Users\Robert\Copy\cloud\pianos\style\styleListname.css --> xo2.x10hosting.com /public_html/cloud/pianos/style styleListname.css
2015.10.28 17:12 B C:\Users\Robert\Copy\cloud\pianos\style\styleListservice.css --> xo2.x10hosting.com /public_html/cloud/pianos/style styleListservice.css
2015.10.28 17:12 B C:\Users\Robert\Copy\cloud\pianos\style\styleListservice2.css --> xo2.x10hosting.com /public_html/cloud/pianos/style styleListservice2.css
2015.10.28 17:12 B C:\Users\Robert\Copy\cloud\pianos\style\styleListuser.css --> xo2.x10hosting.com /public_html/cloud/pianos/style styleListuser.css
2015.10.28 17:12 B C:\Users\Robert\Copy\cloud\pianos\style\styleLogin.css --> xo2.x10hosting.com /public_html/cloud/pianos/style styleLogin.css
2015.10.28 17:12 B C:\Users\Robert\Copy\cloud\pianos\style\styleManager.css --> xo2.x10hosting.com /public_html/cloud/pianos/style styleManager.css
2015.10.28 17:12 B C:\Users\Robert\Copy\cloud\pianos\style\styleMapcheck.css --> xo2.x10hosting.com /public_html/cloud/pianos/style styleMapcheck.css
2015.10.28 17:12 B C:\Users\Robert\Copy\cloud\pianos\style\styleMileage.css --> xo2.x10hosting.com /public_html/cloud/pianos/style styleMileage.css
2015.10.28 17:12 B C:\Users\Robert\Copy\cloud\pianos\style\stylePayCharge.css --> xo2.x10hosting.com /public_html/cloud/pianos/style stylePayCharge.css
2015.10.28 17:12 B C:\Users\Robert\Copy\cloud\pianos\style\stylePrintAppt.css --> xo2.x10hosting.com /public_html/cloud/pianos/style stylePrintAppt.css
2015.10.28 17:12 B C:\Users\Robert\Copy\cloud\pianos\style\stylePrintMile.css --> xo2.x10hosting.com /public_html/cloud/pianos/style stylePrintMile.css
2015.10.28 17:12 B C:\Users\Robert\Copy\cloud\pianos\style\stylePrintservice.css --> xo2.x10hosting.com /public_html/cloud/pianos/style stylePrintservice.css
2015.10.28 17:12 B C:\Users\Robert\Copy\cloud\pianos\style\styleSearchname.css --> xo2.x10hosting.com /public_html/cloud/pianos/style styleSearchname.css
2015.10.28 17:12 B C:\Users\Robert\Copy\cloud\pianos\style\styleViewcharge.css --> xo2.x10hosting.com /public_html/cloud/pianos/style styleViewcharge.css
2015.10.28 17:12 B C:\Users\Robert\Copy\cloud\pianos\style\styleViewmile.css --> xo2.x10hosting.com /public_html/cloud/pianos/style styleViewmile.css
2015.10.28 17:12 B C:\Users\Robert\Copy\cloud\pianos\style\styleViewnames.css --> xo2.x10hosting.com /public_html/cloud/pianos/style styleViewnames.css
2015.10.28 17:12 B C:\Users\Robert\Copy\cloud\pianos\style\styleViewService.css --> xo2.x10hosting.com /public_html/cloud/pianos/style styleViewService.css
2015.10.28 17:12 B C:\Users\Robert\Copy\cloud\pianos\style\styleViewusers.css --> xo2.x10hosting.com /public_html/cloud/pianos/style styleViewusers.css
2015.10.28 17:27 B C:\Users\Robert\Copy\cloud\pianos\style\.directory --> xo2.x10hosting.com /public_html/pianos/style .directory
2015.10.28 17:27 B C:\Users\Robert\Copy\cloud\pianos\style\styleAddCharge.css --> xo2.x10hosting.com /public_html/pianos/style styleAddCharge.css
2015.10.28 17:27 B C:\Users\Robert\Copy\cloud\pianos\style\styleAddMile.css --> xo2.x10hosting.com /public_html/pianos/style styleAddMile.css
2015.10.28 17:27 B C:\Users\Robert\Copy\cloud\pianos\style\styleAddname.css --> xo2.x10hosting.com /public_html/pianos/style styleAddname.css
2015.10.28 17:27 B C:\Users\Robert\Copy\cloud\pianos\style\styleAddService.css --> xo2.x10hosting.com /public_html/pianos/style styleAddService.css
2015.10.28 17:27 B C:\Users\Robert\Copy\cloud\pianos\style\styleAdduser.css --> xo2.x10hosting.com /public_html/pianos/style styleAdduser.css
2015.10.28 17:27 B C:\Users\Robert\Copy\cloud\pianos\style\styleAdmin.css --> xo2.x10hosting.com /public_html/pianos/style styleAdmin.css
2015.10.28 17:27 B C:\Users\Robert\Copy\cloud\pianos\style\styleAll.css --> xo2.x10hosting.com /public_html/pianos/style styleAll.css
2015.10.28 17:27 B C:\Users\Robert\Copy\cloud\pianos\style\styleAppt.css --> xo2.x10hosting.com /public_html/pianos/style styleAppt.css
2015.10.28 17:27 B C:\Users\Robert\Copy\cloud\pianos\style\styleApptView.css --> xo2.x10hosting.com /public_html/pianos/style styleApptView.css
2015.10.28 17:27 B C:\Users\Robert\Copy\cloud\pianos\style\styleEditmile.css --> xo2.x10hosting.com /public_html/pianos/style styleEditmile.css
2015.10.28 17:27 B C:\Users\Robert\Copy\cloud\pianos\style\styleEditname.css --> xo2.x10hosting.com /public_html/pianos/style styleEditname.css
2015.10.28 17:27 B C:\Users\Robert\Copy\cloud\pianos\style\styleEditService.css --> xo2.x10hosting.com /public_html/pianos/style styleEditService.css
2015.10.28 17:27 B C:\Users\Robert\Copy\cloud\pianos\style\styleEdituser.css --> xo2.x10hosting.com /public_html/pianos/style styleEdituser.css
2015.10.28 17:27 B C:\Users\Robert\Copy\cloud\pianos\style\styleIndex.css --> xo2.x10hosting.com /public_html/pianos/style styleIndex.css
2015.10.28 17:27 B C:\Users\Robert\Copy\cloud\pianos\style\styleListcharge.css --> xo2.x10hosting.com /public_html/pianos/style styleListcharge.css
2015.10.28 17:27 B C:\Users\Robert\Copy\cloud\pianos\style\styleListMile.css --> xo2.x10hosting.com /public_html/pianos/style styleListMile.css
2015.10.28 17:27 B C:\Users\Robert\Copy\cloud\pianos\style\styleListname.css --> xo2.x10hosting.com /public_html/pianos/style styleListname.css
2015.10.28 17:27 B C:\Users\Robert\Copy\cloud\pianos\style\styleListservice.css --> xo2.x10hosting.com /public_html/pianos/style styleListservice.css
2015.10.28 17:27 B C:\Users\Robert\Copy\cloud\pianos\style\styleListservice2.css --> xo2.x10hosting.com /public_html/pianos/style styleListservice2.css
2015.10.28 17:27 B C:\Users\Robert\Copy\cloud\pianos\style\styleListuser.css --> xo2.x10hosting.com /public_html/pianos/style styleListuser.css
2015.10.28 17:27 B C:\Users\Robert\Copy\cloud\pianos\style\styleLogin.css --> xo2.x10hosting.com /public_html/pianos/style styleLogin.css
2015.10.28 17:27 B C:\Users\Robert\Copy\cloud\pianos\style\styleManager.css --> xo2.x10hosting.com /public_html/pianos/style styleManager.css
2015.10.28 17:27 B C:\Users\Robert\Copy\cloud\pianos\style\styleMapcheck.css --> xo2.x10hosting.com /public_html/pianos/style styleMapcheck.css
2015.10.28 17:27 B C:\Users\Robert\Copy\cloud\pianos\style\styleMileage.css --> xo2.x10hosting.com /public_html/pianos/style styleMileage.css
2015.10.28 17:27 B C:\Users\Robert\Copy\cloud\pianos\style\stylePayCharge.css --> xo2.x10hosting.com /public_html/pianos/style stylePayCharge.css
2015.10.28 17:27 B C:\Users\Robert\Copy\cloud\pianos\style\stylePrintAppt.css --> xo2.x10hosting.com /public_html/pianos/style stylePrintAppt.css
2015.10.28 17:27 B C:\Users\Robert\Copy\cloud\pianos\style\stylePrintMile.css --> xo2.x10hosting.com /public_html/pianos/style stylePrintMile.css
2015.10.28 17:27 B C:\Users\Robert\Copy\cloud\pianos\style\stylePrintservice.css --> xo2.x10hosting.com /public_html/pianos/style stylePrintservice.css
2015.10.28 17:27 B C:\Users\Robert\Copy\cloud\pianos\style\styleSearchname.css --> xo2.x10hosting.com /public_html/pianos/style styleSearchname.css
2015.10.28 17:27 B C:\Users\Robert\Copy\cloud\pianos\style\styleViewcharge.css --> xo2.x10hosting.com /public_html/pianos/style styleViewcharge.css
2015.10.28 17:27 B C:\Users\Robert\Copy\cloud\pianos\style\styleViewmile.css --> xo2.x10hosting.com /public_html/pianos/style styleViewmile.css
2015.10.28 17:27 B C:\Users\Robert\Copy\cloud\pianos\style\styleViewnames.css --> xo2.x10hosting.com /public_html/pianos/style styleViewnames.css
2015.10.28 17:27 B C:\Users\Robert\Copy\cloud\pianos\style\styleViewService.css --> xo2.x10hosting.com /public_html/pianos/style styleViewService.css
2015.10.28 17:27 B C:\Users\Robert\Copy\cloud\pianos\style\styleViewusers.css --> xo2.x10hosting.com /public_html/pianos/style styleViewusers.css
2015.10.28 17:27 B C:\Users\Robert\Copy\cloud\pianos\style\WS_FTP.LOG --> xo2.x10hosting.com /public_html/pianos/style WS_FTP.LOG
2015.11.03 08:40 B C:\Users\Robert\Copy\cloud\pianos\style\.directory --> ftp.pintwister.16mb.com /public_html/pianos/style .directory
2015.11.03 08:40 B C:\Users\Robert\Copy\cloud\pianos\style\styleAddCharge.css --> ftp.pintwister.16mb.com /public_html/pianos/style styleAddCharge.css
2015.11.03 08:40 B C:\Users\Robert\Copy\cloud\pianos\style\styleAddMile.css --> ftp.pintwister.16mb.com /public_html/pianos/style styleAddMile.css
2015.11.03 08:40 B C:\Users\Robert\Copy\cloud\pianos\style\styleAddname.css --> ftp.pintwister.16mb.com /public_html/pianos/style styleAddname.css
2015.11.03 08:40 B C:\Users\Robert\Copy\cloud\pianos\style\styleAddService.css --> ftp.pintwister.16mb.com /public_html/pianos/style styleAddService.css
2015.11.03 08:40 B C:\Users\Robert\Copy\cloud\pianos\style\styleAdduser.css --> ftp.pintwister.16mb.com /public_html/pianos/style styleAdduser.css
2015.11.03 08:40 B C:\Users\Robert\Copy\cloud\pianos\style\styleAdmin.css --> ftp.pintwister.16mb.com /public_html/pianos/style styleAdmin.css
2015.11.03 08:40 B C:\Users\Robert\Copy\cloud\pianos\style\styleAll.css --> ftp.pintwister.16mb.com /public_html/pianos/style styleAll.css
2015.11.03 08:40 B C:\Users\Robert\Copy\cloud\pianos\style\styleAppt.css --> ftp.pintwister.16mb.com /public_html/pianos/style styleAppt.css
2015.11.03 08:40 B C:\Users\Robert\Copy\cloud\pianos\style\styleApptView.css --> ftp.pintwister.16mb.com /public_html/pianos/style styleApptView.css
2015.11.03 08:40 B C:\Users\Robert\Copy\cloud\pianos\style\styleEditmile.css --> ftp.pintwister.16mb.com /public_html/pianos/style styleEditmile.css
2015.11.03 08:40 B C:\Users\Robert\Copy\cloud\pianos\style\styleEditname.css --> ftp.pintwister.16mb.com /public_html/pianos/style styleEditname.css
2015.11.03 08:40 B C:\Users\Robert\Copy\cloud\pianos\style\styleEditService.css --> ftp.pintwister.16mb.com /public_html/pianos/style styleEditService.css
2015.11.03 08:40 B C:\Users\Robert\Copy\cloud\pianos\style\styleEdituser.css --> ftp.pintwister.16mb.com /public_html/pianos/style styleEdituser.css
2015.11.03 08:40 B C:\Users\Robert\Copy\cloud\pianos\style\styleIndex.css --> ftp.pintwister.16mb.com /public_html/pianos/style styleIndex.css
2015.11.03 08:40 B C:\Users\Robert\Copy\cloud\pianos\style\styleListcharge.css --> ftp.pintwister.16mb.com /public_html/pianos/style styleListcharge.css
2015.11.03 08:40 B C:\Users\Robert\Copy\cloud\pianos\style\styleListMile.css --> ftp.pintwister.16mb.com /public_html/pianos/style styleListMile.css
2015.11.03 08:40 B C:\Users\Robert\Copy\cloud\pianos\style\styleListname.css --> ftp.pintwister.16mb.com /public_html/pianos/style styleListname.css
2015.11.03 08:40 B C:\Users\Robert\Copy\cloud\pianos\style\styleListservice.css --> ftp.pintwister.16mb.com /public_html/pianos/style styleListservice.css
2015.11.03 08:40 B C:\Users\Robert\Copy\cloud\pianos\style\styleListservice2.css --> ftp.pintwister.16mb.com /public_html/pianos/style styleListservice2.css
2015.11.03 08:40 B C:\Users\Robert\Copy\cloud\pianos\style\styleListuser.css --> ftp.pintwister.16mb.com /public_html/pianos/style styleListuser.css
2015.11.03 08:40 B C:\Users\Robert\Copy\cloud\pianos\style\styleLogin.css --> ftp.pintwister.16mb.com /public_html/pianos/style styleLogin.css
2015.11.03 08:40 B C:\Users\Robert\Copy\cloud\pianos\style\styleManager.css --> ftp.pintwister.16mb.com /public_html/pianos/style styleManager.css
2015.11.03 08:40 B C:\Users\Robert\Copy\cloud\pianos\style\styleMapcheck.css --> ftp.pintwister.16mb.com /public_html/pianos/style styleMapcheck.css
2015.11.03 08:40 B C:\Users\Robert\Copy\cloud\pianos\style\styleMileage.css --> ftp.pintwister.16mb.com /public_html/pianos/style styleMileage.css
2015.11.03 08:40 B C:\Users\Robert\Copy\cloud\pianos\style\stylePayCharge.css --> ftp.pintwister.16mb.com /public_html/pianos/style stylePayCharge.css
2015.11.03 08:40 B C:\Users\Robert\Copy\cloud\pianos\style\stylePrintAppt.css --> ftp.pintwister.16mb.com /public_html/pianos/style stylePrintAppt.css
2015.11.03 08:40 B C:\Users\Robert\Copy\cloud\pianos\style\stylePrintMile.css --> ftp.pintwister.16mb.com /public_html/pianos/style stylePrintMile.css
2015.11.03 08:40 B C:\Users\Robert\Copy\cloud\pianos\style\stylePrintservice.css --> ftp.pintwister.16mb.com /public_html/pianos/style stylePrintservice.css
2015.11.03 08:41 B C:\Users\Robert\Copy\cloud\pianos\style\styleSearchname.css --> ftp.pintwister.16mb.com /public_html/pianos/style styleSearchname.css
2015.11.03 08:41 B C:\Users\Robert\Copy\cloud\pianos\style\styleViewcharge.css --> ftp.pintwister.16mb.com /public_html/pianos/style styleViewcharge.css
2015.11.03 08:41 B C:\Users\Robert\Copy\cloud\pianos\style\styleViewmile.css --> ftp.pintwister.16mb.com /public_html/pianos/style styleViewmile.css
2015.11.03 08:41 B C:\Users\Robert\Copy\cloud\pianos\style\styleViewnames.css --> ftp.pintwister.16mb.com /public_html/pianos/style styleViewnames.css
2015.11.03 08:41 B C:\Users\Robert\Copy\cloud\pianos\style\styleViewService.css --> ftp.pintwister.16mb.com /public_html/pianos/style styleViewService.css
2015.11.03 08:41 B C:\Users\Robert\Copy\cloud\pianos\style\styleViewusers.css --> ftp.pintwister.16mb.com /public_html/pianos/style styleViewusers.css
2015.11.03 08:41 B C:\Users\Robert\Copy\cloud\pianos\style\WS_FTP.LOG --> ftp.pintwister.16mb.com /public_html/pianos/style WS_FTP.LOG
