2015.10.28 17:12 B C:\Users\Robert\Copy\cloud\pianos\addcharge.php --> xo2.x10hosting.com /public_html/cloud/pianos addcharge.php
2015.10.28 17:12 B C:\Users\Robert\Copy\cloud\pianos\addchargeform.php --> xo2.x10hosting.com /public_html/cloud/pianos addchargeform.php
2015.10.28 17:12 B C:\Users\Robert\Copy\cloud\pianos\addmile.php --> xo2.x10hosting.com /public_html/cloud/pianos addmile.php
2015.10.28 17:12 B C:\Users\Robert\Copy\cloud\pianos\addmileform.php --> xo2.x10hosting.com /public_html/cloud/pianos addmileform.php
2015.10.28 17:12 B C:\Users\Robert\Copy\cloud\pianos\addname.php --> xo2.x10hosting.com /public_html/cloud/pianos addname.php
2015.10.28 17:12 B C:\Users\Robert\Copy\cloud\pianos\addnameform.php --> xo2.x10hosting.com /public_html/cloud/pianos addnameform.php
2015.10.28 17:12 B C:\Users\Robert\Copy\cloud\pianos\addServform.php --> xo2.x10hosting.com /public_html/cloud/pianos addServform.php
2015.10.28 17:12 B C:\Users\Robert\Copy\cloud\pianos\addService.php --> xo2.x10hosting.com /public_html/cloud/pianos addService.php
2015.10.28 17:12 B C:\Users\Robert\Copy\cloud\pianos\adduser.php --> xo2.x10hosting.com /public_html/cloud/pianos adduser.php
2015.10.28 17:12 B C:\Users\Robert\Copy\cloud\pianos\addUserform.php --> xo2.x10hosting.com /public_html/cloud/pianos addUserform.php
2015.10.28 17:12 B C:\Users\Robert\Copy\cloud\pianos\admin.php --> xo2.x10hosting.com /public_html/cloud/pianos admin.php
2015.10.28 17:12 B C:\Users\Robert\Copy\cloud\pianos\appointments.php --> xo2.x10hosting.com /public_html/cloud/pianos appointments.php
2015.10.28 17:12 B C:\Users\Robert\Copy\cloud\pianos\BuyOrLease.html --> xo2.x10hosting.com /public_html/cloud/pianos BuyOrLease.html
2015.10.28 17:12 B C:\Users\Robert\Copy\cloud\pianos\calendar.css --> xo2.x10hosting.com /public_html/cloud/pianos calendar.css
2015.10.28 17:12 B C:\Users\Robert\Copy\cloud\pianos\calendar_us.js --> xo2.x10hosting.com /public_html/cloud/pianos calendar_us.js
2015.10.28 17:12 B C:\Users\Robert\Copy\cloud\pianos\class.ezpdf.php --> xo2.x10hosting.com /public_html/cloud/pianos class.ezpdf.php
2015.10.28 17:12 B C:\Users\Robert\Copy\cloud\pianos\class.pdf.php --> xo2.x10hosting.com /public_html/cloud/pianos class.pdf.php
2015.10.28 17:12 B C:\Users\Robert\Copy\cloud\pianos\common.php --> xo2.x10hosting.com /public_html/cloud/pianos common.php
2015.10.28 17:12 B C:\Users\Robert\Copy\cloud\pianos\deletemile.php --> xo2.x10hosting.com /public_html/cloud/pianos deletemile.php
2015.10.28 17:12 B C:\Users\Robert\Copy\cloud\pianos\deletenames.php --> xo2.x10hosting.com /public_html/cloud/pianos deletenames.php
2015.10.28 17:12 B C:\Users\Robert\Copy\cloud\pianos\deleteservice.php --> xo2.x10hosting.com /public_html/cloud/pianos deleteservice.php
2015.10.28 17:12 B C:\Users\Robert\Copy\cloud\pianos\deleteuser.php --> xo2.x10hosting.com /public_html/cloud/pianos deleteuser.php
2015.10.28 17:12 B C:\Users\Robert\Copy\cloud\pianos\editmile.php --> xo2.x10hosting.com /public_html/cloud/pianos editmile.php
2015.10.28 17:12 B C:\Users\Robert\Copy\cloud\pianos\editmileform.php --> xo2.x10hosting.com /public_html/cloud/pianos editmileform.php
2015.10.28 17:12 B C:\Users\Robert\Copy\cloud\pianos\editnames.php --> xo2.x10hosting.com /public_html/cloud/pianos editnames.php
2015.10.28 17:12 B C:\Users\Robert\Copy\cloud\pianos\editnamesForm.php --> xo2.x10hosting.com /public_html/cloud/pianos editnamesForm.php
2015.10.28 17:12 B C:\Users\Robert\Copy\cloud\pianos\editservice.php --> xo2.x10hosting.com /public_html/cloud/pianos editservice.php
2015.10.28 17:12 B C:\Users\Robert\Copy\cloud\pianos\editserviceform.php --> xo2.x10hosting.com /public_html/cloud/pianos editserviceform.php
2015.10.28 17:12 B C:\Users\Robert\Copy\cloud\pianos\edituser.php --> xo2.x10hosting.com /public_html/cloud/pianos edituser.php
2015.10.28 17:12 B C:\Users\Robert\Copy\cloud\pianos\edituserform.php --> xo2.x10hosting.com /public_html/cloud/pianos edituserform.php
2015.10.28 17:12 B C:\Users\Robert\Copy\cloud\pianos\fix.php --> xo2.x10hosting.com /public_html/cloud/pianos fix.php
2015.10.28 17:12 B C:\Users\Robert\Copy\cloud\pianos\index.php --> xo2.x10hosting.com /public_html/cloud/pianos index.php
2015.10.28 17:12 B C:\Users\Robert\Copy\cloud\pianos\listappt.php --> xo2.x10hosting.com /public_html/cloud/pianos listappt.php
2015.10.28 17:12 B C:\Users\Robert\Copy\cloud\pianos\listcharge.php --> xo2.x10hosting.com /public_html/cloud/pianos listcharge.php
2015.10.28 17:12 B C:\Users\Robert\Copy\cloud\pianos\listmile.php --> xo2.x10hosting.com /public_html/cloud/pianos listmile.php
2015.10.28 17:12 B C:\Users\Robert\Copy\cloud\pianos\listname.php --> xo2.x10hosting.com /public_html/cloud/pianos listname.php
2015.10.28 17:12 B C:\Users\Robert\Copy\cloud\pianos\listservice.php --> xo2.x10hosting.com /public_html/cloud/pianos listservice.php
2015.10.28 17:12 B C:\Users\Robert\Copy\cloud\pianos\listusers.php --> xo2.x10hosting.com /public_html/cloud/pianos listusers.php
2015.10.28 17:12 B C:\Users\Robert\Copy\cloud\pianos\login.php --> xo2.x10hosting.com /public_html/cloud/pianos login.php
2015.10.28 17:12 B C:\Users\Robert\Copy\cloud\pianos\loginform.php --> xo2.x10hosting.com /public_html/cloud/pianos loginform.php
2015.10.28 17:12 B C:\Users\Robert\Copy\cloud\pianos\manager.php --> xo2.x10hosting.com /public_html/cloud/pianos manager.php
2015.10.28 17:12 B C:\Users\Robert\Copy\cloud\pianos\mapcheck.php --> xo2.x10hosting.com /public_html/cloud/pianos mapcheck.php
2015.10.28 17:12 B C:\Users\Robert\Copy\cloud\pianos\mileage.php --> xo2.x10hosting.com /public_html/cloud/pianos mileage.php
2015.10.28 17:12 B C:\Users\Robert\Copy\cloud\pianos\mileinput.php --> xo2.x10hosting.com /public_html/cloud/pianos mileinput.php
2015.10.28 17:12 B C:\Users\Robert\Copy\cloud\pianos\mongolab.txt --> xo2.x10hosting.com /public_html/cloud/pianos mongolab.txt
2015.10.28 17:12 B C:\Users\Robert\Copy\cloud\pianos\newstuff.php --> xo2.x10hosting.com /public_html/cloud/pianos newstuff.php
2015.10.28 17:12 B C:\Users\Robert\Copy\cloud\pianos\overpay.php --> xo2.x10hosting.com /public_html/cloud/pianos overpay.php
2015.10.28 17:12 B C:\Users\Robert\Copy\cloud\pianos\paycharge.php --> xo2.x10hosting.com /public_html/cloud/pianos paycharge.php
2015.10.28 17:12 B C:\Users\Robert\Copy\cloud\pianos\paychargeform.php --> xo2.x10hosting.com /public_html/cloud/pianos paychargeform.php
2015.10.28 17:12 B C:\Users\Robert\Copy\cloud\pianos\payment.html --> xo2.x10hosting.com /public_html/cloud/pianos payment.html
2015.10.28 17:12 B C:\Users\Robert\Copy\cloud\pianos\phoneprint.php --> xo2.x10hosting.com /public_html/cloud/pianos phoneprint.php
2015.10.28 17:12 B C:\Users\Robert\Copy\cloud\pianos\predelete.php --> xo2.x10hosting.com /public_html/cloud/pianos predelete.php
2015.10.28 17:12 B C:\Users\Robert\Copy\cloud\pianos\printappt.php --> xo2.x10hosting.com /public_html/cloud/pianos printappt.php
2015.10.28 17:12 B C:\Users\Robert\Copy\cloud\pianos\printmileage.php --> xo2.x10hosting.com /public_html/cloud/pianos printmileage.php
2015.10.28 17:12 B C:\Users\Robert\Copy\cloud\pianos\printservice.php --> xo2.x10hosting.com /public_html/cloud/pianos printservice.php
2015.10.28 17:12 B C:\Users\Robert\Copy\cloud\pianos\quick.php --> xo2.x10hosting.com /public_html/cloud/pianos quick.php
2015.10.28 17:12 B C:\Users\Robert\Copy\cloud\pianos\searchname.php --> xo2.x10hosting.com /public_html/cloud/pianos searchname.php
2015.10.28 17:12 B C:\Users\Robert\Copy\cloud\pianos\servicePrint.php --> xo2.x10hosting.com /public_html/cloud/pianos servicePrint.php
2015.10.28 17:12 B C:\Users\Robert\Copy\cloud\pianos\special.php --> xo2.x10hosting.com /public_html/cloud/pianos special.php
2015.10.28 17:12 B C:\Users\Robert\Copy\cloud\pianos\transfer.php --> xo2.x10hosting.com /public_html/cloud/pianos transfer.php
2015.10.28 17:12 B C:\Users\Robert\Copy\cloud\pianos\viewcharge.php --> xo2.x10hosting.com /public_html/cloud/pianos viewcharge.php
2015.10.28 17:12 B C:\Users\Robert\Copy\cloud\pianos\viewmile.php --> xo2.x10hosting.com /public_html/cloud/pianos viewmile.php
2015.10.28 17:12 B C:\Users\Robert\Copy\cloud\pianos\viewnames.php --> xo2.x10hosting.com /public_html/cloud/pianos viewnames.php
2015.10.28 17:12 B C:\Users\Robert\Copy\cloud\pianos\viewservice.php --> xo2.x10hosting.com /public_html/cloud/pianos viewservice.php
2015.10.28 17:12 B C:\Users\Robert\Copy\cloud\pianos\viewuser.php --> xo2.x10hosting.com /public_html/cloud/pianos viewuser.php
2015.10.28 17:27 B C:\Users\Robert\Copy\cloud\pianos\addcharge.php --> xo2.x10hosting.com /public_html/pianos addcharge.php
2015.10.28 17:27 B C:\Users\Robert\Copy\cloud\pianos\addchargeform.php --> xo2.x10hosting.com /public_html/pianos addchargeform.php
2015.10.28 17:27 B C:\Users\Robert\Copy\cloud\pianos\addmile.php --> xo2.x10hosting.com /public_html/pianos addmile.php
2015.10.28 17:27 B C:\Users\Robert\Copy\cloud\pianos\addmileform.php --> xo2.x10hosting.com /public_html/pianos addmileform.php
2015.10.28 17:27 B C:\Users\Robert\Copy\cloud\pianos\addname.php --> xo2.x10hosting.com /public_html/pianos addname.php
2015.10.28 17:27 B C:\Users\Robert\Copy\cloud\pianos\addnameform.php --> xo2.x10hosting.com /public_html/pianos addnameform.php
2015.10.28 17:27 B C:\Users\Robert\Copy\cloud\pianos\addServform.php --> xo2.x10hosting.com /public_html/pianos addServform.php
2015.10.28 17:27 B C:\Users\Robert\Copy\cloud\pianos\addService.php --> xo2.x10hosting.com /public_html/pianos addService.php
2015.10.28 17:27 B C:\Users\Robert\Copy\cloud\pianos\adduser.php --> xo2.x10hosting.com /public_html/pianos adduser.php
2015.10.28 17:27 B C:\Users\Robert\Copy\cloud\pianos\addUserform.php --> xo2.x10hosting.com /public_html/pianos addUserform.php
2015.10.28 17:27 B C:\Users\Robert\Copy\cloud\pianos\admin.php --> xo2.x10hosting.com /public_html/pianos admin.php
2015.10.28 17:27 B C:\Users\Robert\Copy\cloud\pianos\appointments.php --> xo2.x10hosting.com /public_html/pianos appointments.php
2015.10.28 17:27 B C:\Users\Robert\Copy\cloud\pianos\BuyOrLease.html --> xo2.x10hosting.com /public_html/pianos BuyOrLease.html
2015.10.28 17:27 B C:\Users\Robert\Copy\cloud\pianos\calendar.css --> xo2.x10hosting.com /public_html/pianos calendar.css
2015.10.28 17:27 B C:\Users\Robert\Copy\cloud\pianos\calendar_us.js --> xo2.x10hosting.com /public_html/pianos calendar_us.js
2015.10.28 17:27 B C:\Users\Robert\Copy\cloud\pianos\class.ezpdf.php --> xo2.x10hosting.com /public_html/pianos class.ezpdf.php
2015.10.28 17:27 B C:\Users\Robert\Copy\cloud\pianos\class.pdf.php --> xo2.x10hosting.com /public_html/pianos class.pdf.php
2015.10.28 17:27 B C:\Users\Robert\Copy\cloud\pianos\common.php --> xo2.x10hosting.com /public_html/pianos common.php
2015.10.28 17:27 B C:\Users\Robert\Copy\cloud\pianos\deletemile.php --> xo2.x10hosting.com /public_html/pianos deletemile.php
2015.10.28 17:27 B C:\Users\Robert\Copy\cloud\pianos\deletenames.php --> xo2.x10hosting.com /public_html/pianos deletenames.php
2015.10.28 17:27 B C:\Users\Robert\Copy\cloud\pianos\deleteservice.php --> xo2.x10hosting.com /public_html/pianos deleteservice.php
2015.10.28 17:27 B C:\Users\Robert\Copy\cloud\pianos\deleteuser.php --> xo2.x10hosting.com /public_html/pianos deleteuser.php
2015.10.28 17:27 B C:\Users\Robert\Copy\cloud\pianos\editmile.php --> xo2.x10hosting.com /public_html/pianos editmile.php
2015.10.28 17:27 B C:\Users\Robert\Copy\cloud\pianos\editmileform.php --> xo2.x10hosting.com /public_html/pianos editmileform.php
2015.10.28 17:27 B C:\Users\Robert\Copy\cloud\pianos\editnames.php --> xo2.x10hosting.com /public_html/pianos editnames.php
2015.10.28 17:27 B C:\Users\Robert\Copy\cloud\pianos\editnamesForm.php --> xo2.x10hosting.com /public_html/pianos editnamesForm.php
2015.10.28 17:27 B C:\Users\Robert\Copy\cloud\pianos\editservice.php --> xo2.x10hosting.com /public_html/pianos editservice.php
2015.10.28 17:27 B C:\Users\Robert\Copy\cloud\pianos\editserviceform.php --> xo2.x10hosting.com /public_html/pianos editserviceform.php
2015.10.28 17:28 B C:\Users\Robert\Copy\cloud\pianos\edituser.php --> xo2.x10hosting.com /public_html/pianos edituser.php
2015.10.28 17:28 B C:\Users\Robert\Copy\cloud\pianos\edituserform.php --> xo2.x10hosting.com /public_html/pianos edituserform.php
2015.10.28 17:28 B C:\Users\Robert\Copy\cloud\pianos\fix.php --> xo2.x10hosting.com /public_html/pianos fix.php
2015.10.28 17:28 B C:\Users\Robert\Copy\cloud\pianos\index.php --> xo2.x10hosting.com /public_html/pianos index.php
2015.10.28 17:28 B C:\Users\Robert\Copy\cloud\pianos\listappt.php --> xo2.x10hosting.com /public_html/pianos listappt.php
2015.10.28 17:28 B C:\Users\Robert\Copy\cloud\pianos\listcharge.php --> xo2.x10hosting.com /public_html/pianos listcharge.php
2015.10.28 17:28 B C:\Users\Robert\Copy\cloud\pianos\listmile.php --> xo2.x10hosting.com /public_html/pianos listmile.php
2015.10.28 17:28 B C:\Users\Robert\Copy\cloud\pianos\listname.php --> xo2.x10hosting.com /public_html/pianos listname.php
2015.10.28 17:28 B C:\Users\Robert\Copy\cloud\pianos\listservice.php --> xo2.x10hosting.com /public_html/pianos listservice.php
2015.10.28 17:28 B C:\Users\Robert\Copy\cloud\pianos\listusers.php --> xo2.x10hosting.com /public_html/pianos listusers.php
2015.10.28 17:28 B C:\Users\Robert\Copy\cloud\pianos\login.php --> xo2.x10hosting.com /public_html/pianos login.php
2015.10.28 17:28 B C:\Users\Robert\Copy\cloud\pianos\loginform.php --> xo2.x10hosting.com /public_html/pianos loginform.php
2015.10.28 17:28 B C:\Users\Robert\Copy\cloud\pianos\manager.php --> xo2.x10hosting.com /public_html/pianos manager.php
2015.10.28 17:28 B C:\Users\Robert\Copy\cloud\pianos\mapcheck.php --> xo2.x10hosting.com /public_html/pianos mapcheck.php
2015.10.28 17:28 B C:\Users\Robert\Copy\cloud\pianos\mileage.php --> xo2.x10hosting.com /public_html/pianos mileage.php
2015.10.28 17:28 B C:\Users\Robert\Copy\cloud\pianos\mileinput.php --> xo2.x10hosting.com /public_html/pianos mileinput.php
2015.10.28 17:28 B C:\Users\Robert\Copy\cloud\pianos\mongolab.txt --> xo2.x10hosting.com /public_html/pianos mongolab.txt
2015.10.28 17:28 B C:\Users\Robert\Copy\cloud\pianos\newstuff.php --> xo2.x10hosting.com /public_html/pianos newstuff.php
2015.10.28 17:28 B C:\Users\Robert\Copy\cloud\pianos\overpay.php --> xo2.x10hosting.com /public_html/pianos overpay.php
2015.10.28 17:28 B C:\Users\Robert\Copy\cloud\pianos\paycharge.php --> xo2.x10hosting.com /public_html/pianos paycharge.php
2015.10.28 17:28 B C:\Users\Robert\Copy\cloud\pianos\paychargeform.php --> xo2.x10hosting.com /public_html/pianos paychargeform.php
2015.10.28 17:28 B C:\Users\Robert\Copy\cloud\pianos\payment.html --> xo2.x10hosting.com /public_html/pianos payment.html
2015.10.28 17:28 B C:\Users\Robert\Copy\cloud\pianos\phoneprint.php --> xo2.x10hosting.com /public_html/pianos phoneprint.php
2015.10.28 17:28 B C:\Users\Robert\Copy\cloud\pianos\predelete.php --> xo2.x10hosting.com /public_html/pianos predelete.php
2015.10.28 17:28 B C:\Users\Robert\Copy\cloud\pianos\printappt.php --> xo2.x10hosting.com /public_html/pianos printappt.php
2015.10.28 17:28 B C:\Users\Robert\Copy\cloud\pianos\printmileage.php --> xo2.x10hosting.com /public_html/pianos printmileage.php
2015.10.28 17:28 B C:\Users\Robert\Copy\cloud\pianos\printservice.php --> xo2.x10hosting.com /public_html/pianos printservice.php
2015.10.28 17:28 B C:\Users\Robert\Copy\cloud\pianos\quick.php --> xo2.x10hosting.com /public_html/pianos quick.php
2015.10.28 17:28 B C:\Users\Robert\Copy\cloud\pianos\searchname.php --> xo2.x10hosting.com /public_html/pianos searchname.php
2015.10.28 17:28 B C:\Users\Robert\Copy\cloud\pianos\servicePrint.php --> xo2.x10hosting.com /public_html/pianos servicePrint.php
2015.10.28 17:28 B C:\Users\Robert\Copy\cloud\pianos\special.php --> xo2.x10hosting.com /public_html/pianos special.php
2015.10.28 17:28 B C:\Users\Robert\Copy\cloud\pianos\transfer.php --> xo2.x10hosting.com /public_html/pianos transfer.php
2015.10.28 17:28 B C:\Users\Robert\Copy\cloud\pianos\viewcharge.php --> xo2.x10hosting.com /public_html/pianos viewcharge.php
2015.10.28 17:28 B C:\Users\Robert\Copy\cloud\pianos\viewmile.php --> xo2.x10hosting.com /public_html/pianos viewmile.php
2015.10.28 17:28 B C:\Users\Robert\Copy\cloud\pianos\viewnames.php --> xo2.x10hosting.com /public_html/pianos viewnames.php
2015.10.28 17:28 B C:\Users\Robert\Copy\cloud\pianos\viewservice.php --> xo2.x10hosting.com /public_html/pianos viewservice.php
2015.10.28 17:28 B C:\Users\Robert\Copy\cloud\pianos\viewuser.php --> xo2.x10hosting.com /public_html/pianos viewuser.php
2015.10.28 17:28 B C:\Users\Robert\Copy\cloud\pianos\WS_FTP.LOG --> xo2.x10hosting.com /public_html/pianos WS_FTP.LOG
2015.11.03 08:41 B C:\Users\Robert\Copy\cloud\pianos\addcharge.php --> ftp.pintwister.16mb.com /public_html/pianos addcharge.php
2015.11.03 08:41 B C:\Users\Robert\Copy\cloud\pianos\addchargeform.php --> ftp.pintwister.16mb.com /public_html/pianos addchargeform.php
2015.11.03 08:41 B C:\Users\Robert\Copy\cloud\pianos\addmile.php --> ftp.pintwister.16mb.com /public_html/pianos addmile.php
2015.11.03 08:41 B C:\Users\Robert\Copy\cloud\pianos\addmileform.php --> ftp.pintwister.16mb.com /public_html/pianos addmileform.php
2015.11.03 08:41 B C:\Users\Robert\Copy\cloud\pianos\addname.php --> ftp.pintwister.16mb.com /public_html/pianos addname.php
2015.11.03 08:41 B C:\Users\Robert\Copy\cloud\pianos\addnameform.php --> ftp.pintwister.16mb.com /public_html/pianos addnameform.php
2015.11.03 08:41 B C:\Users\Robert\Copy\cloud\pianos\addServform.php --> ftp.pintwister.16mb.com /public_html/pianos addServform.php
2015.11.03 08:41 B C:\Users\Robert\Copy\cloud\pianos\addService.php --> ftp.pintwister.16mb.com /public_html/pianos addService.php
2015.11.03 08:41 B C:\Users\Robert\Copy\cloud\pianos\adduser.php --> ftp.pintwister.16mb.com /public_html/pianos adduser.php
2015.11.03 08:41 B C:\Users\Robert\Copy\cloud\pianos\addUserform.php --> ftp.pintwister.16mb.com /public_html/pianos addUserform.php
2015.11.03 08:41 B C:\Users\Robert\Copy\cloud\pianos\admin.php --> ftp.pintwister.16mb.com /public_html/pianos admin.php
2015.11.03 08:41 B C:\Users\Robert\Copy\cloud\pianos\appointments.php --> ftp.pintwister.16mb.com /public_html/pianos appointments.php
2015.11.03 08:41 B C:\Users\Robert\Copy\cloud\pianos\BuyOrLease.html --> ftp.pintwister.16mb.com /public_html/pianos BuyOrLease.html
2015.11.03 08:41 B C:\Users\Robert\Copy\cloud\pianos\calendar.css --> ftp.pintwister.16mb.com /public_html/pianos calendar.css
2015.11.03 08:41 B C:\Users\Robert\Copy\cloud\pianos\calendar_us.js --> ftp.pintwister.16mb.com /public_html/pianos calendar_us.js
2015.11.03 08:41 B C:\Users\Robert\Copy\cloud\pianos\class.ezpdf.php --> ftp.pintwister.16mb.com /public_html/pianos class.ezpdf.php
2015.11.03 08:41 B C:\Users\Robert\Copy\cloud\pianos\class.pdf.php --> ftp.pintwister.16mb.com /public_html/pianos class.pdf.php
2015.11.03 08:41 B C:\Users\Robert\Copy\cloud\pianos\common.php --> ftp.pintwister.16mb.com /public_html/pianos common.php
2015.11.03 08:41 B C:\Users\Robert\Copy\cloud\pianos\deletemile.php --> ftp.pintwister.16mb.com /public_html/pianos deletemile.php
2015.11.03 08:41 B C:\Users\Robert\Copy\cloud\pianos\deletenames.php --> ftp.pintwister.16mb.com /public_html/pianos deletenames.php
2015.11.03 08:41 B C:\Users\Robert\Copy\cloud\pianos\deleteservice.php --> ftp.pintwister.16mb.com /public_html/pianos deleteservice.php
2015.11.03 08:41 B C:\Users\Robert\Copy\cloud\pianos\deleteuser.php --> ftp.pintwister.16mb.com /public_html/pianos deleteuser.php
2015.11.03 08:41 B C:\Users\Robert\Copy\cloud\pianos\editmile.php --> ftp.pintwister.16mb.com /public_html/pianos editmile.php
2015.11.03 08:41 B C:\Users\Robert\Copy\cloud\pianos\editmileform.php --> ftp.pintwister.16mb.com /public_html/pianos editmileform.php
2015.11.03 08:41 B C:\Users\Robert\Copy\cloud\pianos\editnames.php --> ftp.pintwister.16mb.com /public_html/pianos editnames.php
2015.11.03 08:41 B C:\Users\Robert\Copy\cloud\pianos\editnamesForm.php --> ftp.pintwister.16mb.com /public_html/pianos editnamesForm.php
2015.11.03 08:41 B C:\Users\Robert\Copy\cloud\pianos\editservice.php --> ftp.pintwister.16mb.com /public_html/pianos editservice.php
2015.11.03 08:41 B C:\Users\Robert\Copy\cloud\pianos\editserviceform.php --> ftp.pintwister.16mb.com /public_html/pianos editserviceform.php
2015.11.03 08:41 B C:\Users\Robert\Copy\cloud\pianos\edituser.php --> ftp.pintwister.16mb.com /public_html/pianos edituser.php
2015.11.03 08:41 B C:\Users\Robert\Copy\cloud\pianos\edituserform.php --> ftp.pintwister.16mb.com /public_html/pianos edituserform.php
2015.11.03 08:41 B C:\Users\Robert\Copy\cloud\pianos\fix.php --> ftp.pintwister.16mb.com /public_html/pianos fix.php
2015.11.03 08:41 B C:\Users\Robert\Copy\cloud\pianos\index.php --> ftp.pintwister.16mb.com /public_html/pianos index.php
2015.11.03 08:41 B C:\Users\Robert\Copy\cloud\pianos\listappt.php --> ftp.pintwister.16mb.com /public_html/pianos listappt.php
2015.11.03 08:41 B C:\Users\Robert\Copy\cloud\pianos\listcharge.php --> ftp.pintwister.16mb.com /public_html/pianos listcharge.php
2015.11.03 08:41 B C:\Users\Robert\Copy\cloud\pianos\listmile.php --> ftp.pintwister.16mb.com /public_html/pianos listmile.php
2015.11.03 08:41 B C:\Users\Robert\Copy\cloud\pianos\listname.php --> ftp.pintwister.16mb.com /public_html/pianos listname.php
2015.11.03 08:41 B C:\Users\Robert\Copy\cloud\pianos\listservice.php --> ftp.pintwister.16mb.com /public_html/pianos listservice.php
2015.11.03 08:41 B C:\Users\Robert\Copy\cloud\pianos\listusers.php --> ftp.pintwister.16mb.com /public_html/pianos listusers.php
2015.11.03 08:41 B C:\Users\Robert\Copy\cloud\pianos\login.php --> ftp.pintwister.16mb.com /public_html/pianos login.php
2015.11.03 08:41 B C:\Users\Robert\Copy\cloud\pianos\loginform.php --> ftp.pintwister.16mb.com /public_html/pianos loginform.php
2015.11.03 08:41 B C:\Users\Robert\Copy\cloud\pianos\manager.php --> ftp.pintwister.16mb.com /public_html/pianos manager.php
2015.11.03 08:41 B C:\Users\Robert\Copy\cloud\pianos\mapcheck.php --> ftp.pintwister.16mb.com /public_html/pianos mapcheck.php
2015.11.03 08:41 B C:\Users\Robert\Copy\cloud\pianos\mileage.php --> ftp.pintwister.16mb.com /public_html/pianos mileage.php
2015.11.03 08:41 B C:\Users\Robert\Copy\cloud\pianos\mileinput.php --> ftp.pintwister.16mb.com /public_html/pianos mileinput.php
2015.11.03 08:41 B C:\Users\Robert\Copy\cloud\pianos\mongolab.txt --> ftp.pintwister.16mb.com /public_html/pianos mongolab.txt
2015.11.03 08:41 B C:\Users\Robert\Copy\cloud\pianos\newstuff.php --> ftp.pintwister.16mb.com /public_html/pianos newstuff.php
2015.11.03 08:41 B C:\Users\Robert\Copy\cloud\pianos\overpay.php --> ftp.pintwister.16mb.com /public_html/pianos overpay.php
2015.11.03 08:41 B C:\Users\Robert\Copy\cloud\pianos\paycharge.php --> ftp.pintwister.16mb.com /public_html/pianos paycharge.php
2015.11.03 08:41 B C:\Users\Robert\Copy\cloud\pianos\paychargeform.php --> ftp.pintwister.16mb.com /public_html/pianos paychargeform.php
2015.11.03 08:41 B C:\Users\Robert\Copy\cloud\pianos\payment.html --> ftp.pintwister.16mb.com /public_html/pianos payment.html
2015.11.03 08:41 B C:\Users\Robert\Copy\cloud\pianos\phoneprint.php --> ftp.pintwister.16mb.com /public_html/pianos phoneprint.php
2015.11.03 08:41 B C:\Users\Robert\Copy\cloud\pianos\predelete.php --> ftp.pintwister.16mb.com /public_html/pianos predelete.php
2015.11.03 08:41 B C:\Users\Robert\Copy\cloud\pianos\printappt.php --> ftp.pintwister.16mb.com /public_html/pianos printappt.php
2015.11.03 08:41 B C:\Users\Robert\Copy\cloud\pianos\printmileage.php --> ftp.pintwister.16mb.com /public_html/pianos printmileage.php
2015.11.03 08:41 B C:\Users\Robert\Copy\cloud\pianos\printservice.php --> ftp.pintwister.16mb.com /public_html/pianos printservice.php
2015.11.03 08:41 B C:\Users\Robert\Copy\cloud\pianos\quick.php --> ftp.pintwister.16mb.com /public_html/pianos quick.php
2015.11.03 08:41 B C:\Users\Robert\Copy\cloud\pianos\searchname.php --> ftp.pintwister.16mb.com /public_html/pianos searchname.php
2015.11.03 08:41 B C:\Users\Robert\Copy\cloud\pianos\servicePrint.php --> ftp.pintwister.16mb.com /public_html/pianos servicePrint.php
2015.11.03 08:41 B C:\Users\Robert\Copy\cloud\pianos\special.php --> ftp.pintwister.16mb.com /public_html/pianos special.php
2015.11.03 08:41 B C:\Users\Robert\Copy\cloud\pianos\transfer.php --> ftp.pintwister.16mb.com /public_html/pianos transfer.php
2015.11.03 08:41 B C:\Users\Robert\Copy\cloud\pianos\viewcharge.php --> ftp.pintwister.16mb.com /public_html/pianos viewcharge.php
2015.11.03 08:41 B C:\Users\Robert\Copy\cloud\pianos\viewmile.php --> ftp.pintwister.16mb.com /public_html/pianos viewmile.php
2015.11.03 08:42 B C:\Users\Robert\Copy\cloud\pianos\viewnames.php --> ftp.pintwister.16mb.com /public_html/pianos viewnames.php
2015.11.03 08:42 B C:\Users\Robert\Copy\cloud\pianos\viewservice.php --> ftp.pintwister.16mb.com /public_html/pianos viewservice.php
2015.11.03 08:42 B C:\Users\Robert\Copy\cloud\pianos\viewuser.php --> ftp.pintwister.16mb.com /public_html/pianos viewuser.php
2015.11.03 08:42 B C:\Users\Robert\Copy\cloud\pianos\WS_FTP.LOG --> ftp.pintwister.16mb.com /public_html/pianos WS_FTP.LOG
